#
# A fatal error has been detected by the Java Runtime Environment:
#
#  EXCEPTION_ACCESS_VIOLATION (0xc0000005) at pc=0x00007ffc4419c4cd, pid=11168, tid=12560
#
# JRE version: OpenJDK Runtime Environment (11.0.2+9) (build 11.0.2+9)
# Java VM: OpenJDK 64-Bit Server VM (11.0.2+9, mixed mode, tiered, compressed oops, g1 gc, windows-amd64)
# Problematic frame:
# V  [jvm.dll+0x2ec4cd]
#
# No core dump will be written. Minidumps are not enabled by default on client versions of Windows
#
# If you would like to submit a bug report, please visit:
#   http://bugreport.java.com/bugreport/crash.jsp
#

---------------  S U M M A R Y ------------

Command Line: -Dcom.sun.management.jmxremote -Dcom.sun.management.jmxremote.port=60483 -Dcom.sun.management.jmxremote.authenticate=false -Dcom.sun.management.jmxremote.ssl=false -Djava.rmi.server.hostname=localhost -Dspring.jmx.enabled=true -Dspring.application.admin.enabled=true -Xverify:none -XX:TieredStopAtLevel=1 -Dspring.boot.project.name=course -Dfile.encoding=UTF-8 com.heitor.course.CourseApplication --spring.output.ansi.enabled=always

Host: Intel(R) Core(TM) i3-2350M CPU @ 2.30GHz, 4 cores, 5G,  Windows 10 , 64 bit Build 18362 (10.0.18362.329)
Time: Tue Apr 14 00:28:22 2020 Hora oficial do Brasil elapsed time: 4 seconds (0d 0h 0m 4s)

---------------  T H R E A D  ---------------

Current thread (0x000001d986015000):  GCTaskThread "GC Thread#1" [stack: 0x000000202f700000,0x000000202f800000] [id=12560]

Stack: [0x000000202f700000,0x000000202f800000],  sp=0x000000202f7ff2f0,  free space=1020k
Native frames: (J=compiled Java code, j=interpreted, Vv=VM code, C=native code)
V  [jvm.dll+0x2ec4cd]
V  [jvm.dll+0x314af5]
V  [jvm.dll+0x3161b9]
V  [jvm.dll+0x313afd]
V  [jvm.dll+0x323c3e]
V  [jvm.dll+0x2c79c0]
V  [jvm.dll+0x2c78e1]
V  [jvm.dll+0x2f2965]
V  [jvm.dll+0x324766]
V  [jvm.dll+0x2f5056]
V  [jvm.dll+0x7a4000]
V  [jvm.dll+0x633942]
C  [ucrtbase.dll+0x20e72]
C  [KERNEL32.DLL+0x17bd4]
C  [ntdll.dll+0x6ced1]


siginfo: EXCEPTION_ACCESS_VIOLATION (0xc0000005), reading address 0x00000000000000f8


Register to memory mapping:

RIP=0x00007ffc4419c4cd jvm.dll
RAX=0x000001d9e75525a0 points into unknown readable memory: 00 00 00 00 00 00 00 00
RBX=0x000001d98777a080 points into unknown readable memory: e8 f2 72 44 fc 7f 00 00
RCX=0x0000000000000014 is an unknown value
RDX=0x0 is NULL
RSP=0x000000202f7ff2f0 points into unknown readable memory: d0 a6 29 87 d9 01 00 00
RBP=0x000001d98777a1f0 points into unknown readable memory: a0 f2 72 44 fc 7f 00 00
RSI=0x00000000a1556218 is an oop: java.util.regex.Pattern 
{0x00000000a1556218} - klass: 'java/util/regex/Pattern'
RDI=0x00000000a1556268 is pointing into object: java.util.regex.Pattern 
{0x00000000a1556218} - klass: 'java/util/regex/Pattern'
R8 =0x00000000a1556268 is pointing into object: java.util.regex.Pattern 
{0x00000000a1556218} - klass: 'java/util/regex/Pattern'
R9 =0x0 is NULL
R10=0x000000010013aa20 is pointing into metadata
R11=0x00000000a1556218 is an oop: java.util.regex.Pattern 
{0x00000000a1556218} - klass: 'java/util/regex/Pattern'
R12=0x000000010013aa30 is pointing into metadata
R13=0x00000000a1556218 is an oop: java.util.regex.Pattern 
{0x00000000a1556218} - klass: 'java/util/regex/Pattern'
R14=0x00000000a1556244 is pointing into object: java.util.regex.Pattern 
{0x00000000a1556218} - klass: 'java/util/regex/Pattern'
R15=0x000000010013aa30 is pointing into metadata


Registers:
RAX=0x000001d9e75525a0, RBX=0x000001d98777a080, RCX=0x0000000000000014, RDX=0x0000000000000000
RSP=0x000000202f7ff2f0, RBP=0x000001d98777a1f0, RSI=0x00000000a1556218, RDI=0x00000000a1556268
R8 =0x00000000a1556268, R9 =0x0000000000000000, R10=0x000000010013aa20, R11=0x00000000a1556218
R12=0x000000010013aa30, R13=0x00000000a1556218, R14=0x00000000a1556244, R15=0x000000010013aa30
RIP=0x00007ffc4419c4cd, EFLAGS=0x0000000000010246

Top of Stack: (sp=0x000000202f7ff2f0)
0x000000202f7ff2f0:   000001d98729a6d0 0000000000000005
0x000000202f7ff300:   000000000000072c 00007ffc44194431
0x000000202f7ff310:   0000000000000005 00007ffc441c4af5
0x000000202f7ff320:   0000000000000002 00000000a15561f9
0x000000202f7ff330:   000000202f7ff370 00007ffc441c6432
0x000000202f7ff340:   000000000000002d 000000000000000b
0x000000202f7ff350:   0000000000000005 0000000000000001
0x000000202f7ff360:   000001d98777a080 00007ffc441c61b9
0x000000202f7ff370:   00000000a1556218 00000000a3b11da0
0x000000202f7ff380:   0000000000000002 0000000000000001
0x000000202f7ff390:   000001d90000028a 00007ffc442134b0
0x000000202f7ff3a0:   00000005a578ec20 00007ffc4419e4e8
0x000000202f7ff3b0:   000001d98777a080 0000000000000040
0x000000202f7ff3c0:   000001d9e5c7d108 000000202f7ff628
0x000000202f7ff3d0:   0000000000000000 000001d9e5c7d100
0x000000202f7ff3e0:   0000000000000100 00007ffc441c3afd 

Instructions: (pc=0x00007ffc4419c4cd)
0x00007ffc4419c4ad:   8b d9 d1 e8 a8 01 75 6b 48 8b 41 08 8b 88 c0 02
0x00007ffc4419c4bd:   00 00 48 8b 80 b0 02 00 00 49 d3 e9 4a 8b 14 c8
0x00007ffc4419c4cd:   48 8b 82 f8 00 00 00 83 b8 18 01 00 00 00 74 43
0x00007ffc4419c4dd:   48 8b 4b 50 48 89 7c 24 30 49 c1 e8 09 48 8b 79 


Stack slot to memory mapping:
stack at sp + 0 slots: 0x000001d98729a6d0 points into unknown readable memory: 2d 00 62 00 6f 00 6f 00
stack at sp + 1 slots: 0x0000000000000005 is an unknown value
stack at sp + 2 slots: 0x000000000000072c is an unknown value
stack at sp + 3 slots: 0x00007ffc44194431 jvm.dll
stack at sp + 4 slots: 0x0000000000000005 is an unknown value
stack at sp + 5 slots: 0x00007ffc441c4af5 jvm.dll
stack at sp + 6 slots: 0x0000000000000002 is an unknown value
stack at sp + 7 slots: 0x00000000a15561f9 is pointing into object: java.lang.Class 
{0x00000000a1556180} - klass: 'java/lang/Class'


---------------  P R O C E S S  ---------------

Threads class SMR info:
_java_thread_list=0x000001d98732be10, length=20, elements={
0x000001d9e7530000, 0x000001d9ffe02800, 0x000001d9ffe0d000, 0x000001d9857e2800,
0x000001d9857e3800, 0x000001d9ffe1c800, 0x000001d9ffe2f800, 0x000001d9e75ef800,
0x000001d98591f000, 0x000001d985dee000, 0x000001d985e46000, 0x000001d985e56000,
0x000001d985e53000, 0x000001d985ae2800, 0x000001d986033000, 0x000001d986098800,
0x000001d986099000, 0x000001d9861ba000, 0x000001d9874e4000, 0x000001d9873e9800
}

Java Threads: ( => current thread )
  0x000001d9e7530000 JavaThread "main" [_thread_blocked, id=9492, stack(0x000000202e200000,0x000000202e300000)]
  0x000001d9ffe02800 JavaThread "Reference Handler" daemon [_thread_blocked, id=6484, stack(0x000000202e900000,0x000000202ea00000)]
  0x000001d9ffe0d000 JavaThread "Finalizer" daemon [_thread_blocked, id=5596, stack(0x000000202ea00000,0x000000202eb00000)]
  0x000001d9857e2800 JavaThread "Signal Dispatcher" daemon [_thread_blocked, id=1784, stack(0x000000202ec00000,0x000000202ed00000)]
  0x000001d9857e3800 JavaThread "Attach Listener" daemon [_thread_blocked, id=6608, stack(0x000000202ed00000,0x000000202ee00000)]
  0x000001d9ffe1c800 JavaThread "C1 CompilerThread0" daemon [_thread_blocked, id=5336, stack(0x000000202ee00000,0x000000202ef00000)]
  0x000001d9ffe2f800 JavaThread "Sweeper thread" daemon [_thread_blocked, id=12896, stack(0x000000202ef00000,0x000000202f000000)]
  0x000001d9e75ef800 JavaThread "Common-Cleaner" daemon [_thread_blocked, id=6012, stack(0x000000202f000000,0x000000202f100000)]
  0x000001d98591f000 JavaThread "Service Thread" daemon [_thread_blocked, id=7000, stack(0x000000202f100000,0x000000202f200000)]
  0x000001d985dee000 JavaThread "C1 CompilerThread1" daemon [_thread_blocked, id=10988, stack(0x000000202f200000,0x000000202f300000)]
  0x000001d985e46000 JavaThread "RMI TCP Accept-0" daemon [_thread_in_native, id=5424, stack(0x000000202f300000,0x000000202f400000)]
  0x000001d985e56000 JavaThread "RMI TCP Accept-60483" daemon [_thread_in_native, id=13060, stack(0x000000202f400000,0x000000202f500000)]
  0x000001d985e53000 JavaThread "RMI TCP Accept-0" daemon [_thread_in_native, id=2052, stack(0x000000202f500000,0x000000202f600000)]
  0x000001d985ae2800 JavaThread "C1 CompilerThread2" daemon [_thread_blocked, id=11824, stack(0x000000202f800000,0x000000202f900000)]
  0x000001d986033000 JavaThread "RMI TCP Connection(1)-127.0.0.1" daemon [_thread_in_native, id=4972, stack(0x000000202f900000,0x000000202fa00000)]
  0x000001d986098800 JavaThread "RMI TCP Connection(2)-127.0.0.1" daemon [_thread_in_native, id=7112, stack(0x000000202fa00000,0x000000202fb00000)]
  0x000001d986099000 JavaThread "RMI Scheduler(0)" daemon [_thread_blocked, id=9140, stack(0x000000202fb00000,0x000000202fc00000)]
  0x000001d9861ba000 JavaThread "JMX server connection timeout 19" daemon [_thread_blocked, id=13100, stack(0x000000202fc00000,0x000000202fd00000)]
  0x000001d9874e4000 JavaThread "RMI TCP Connection(3)-127.0.0.1" daemon [_thread_in_native, id=4180, stack(0x000000202fd00000,0x000000202fe00000)]
  0x000001d9873e9800 JavaThread "JMX server connection timeout 23" daemon [_thread_blocked, id=10260, stack(0x0000002030000000,0x0000002030100000)]

Other Threads:
  0x000001d9ffdda800 VMThread "VM Thread" [stack: 0x000000202e800000,0x000000202e900000] [id=2876]
  0x000001d985ee4000 WatcherThread [stack: 0x000000202f600000,0x000000202f700000] [id=12132]
  0x000001d9e7548000 GCTaskThread "GC Thread#0" [stack: 0x000000202e300000,0x000000202e400000] [id=12044]
=>0x000001d986015000 GCTaskThread "GC Thread#1" [stack: 0x000000202f700000,0x000000202f800000] [id=12560]
  0x000001d986013000 GCTaskThread "GC Thread#2" [stack: 0x000000202fe00000,0x000000202ff00000] [id=11976]
  0x000001d986011800 GCTaskThread "GC Thread#3" [stack: 0x000000202ff00000,0x0000002030000000] [id=8088]
  0x000001d9e756d000 ConcurrentGCThread "G1 Main Marker" [stack: 0x000000202e400000,0x000000202e500000] [id=12276]
  0x000001d9e7573800 ConcurrentGCThread "G1 Conc#0" [stack: 0x000000202e500000,0x000000202e600000] [id=6236]
  0x000001d9e75e6800 ConcurrentGCThread "G1 Refine#0" [stack: 0x000000202e600000,0x000000202e700000] [id=11320]
  0x000001d9e75e7800 ConcurrentGCThread "G1 Young RemSet Sampling" [stack: 0x000000202e700000,0x000000202e800000] [id=8624]

Threads with active compile tasks:

VM state:at safepoint (normal execution)

VM Mutex/Monitor currently owned by a thread:  ([mutex/lock_event])
[0x000001d9e752d900] Threads_lock - owner thread: 0x000001d9ffdda800
[0x000001d9e752e830] Heap_lock - owner thread: 0x000001d9e7530000

Heap address: 0x00000000a0c00000, size: 1524 MB, Compressed Oops mode: 32-bit
Narrow klass base: 0x0000000000000000, Narrow klass shift: 3
Compressed class space size: 1073741824 Address: 0x0000000100000000

Heap:
 garbage-first heap   total 118784K, used 52265K [0x00000000a0c00000, 0x0000000100000000)
  region size 1024K, 42 young (43008K), 5 survivors (5120K)
 Metaspace       used 34635K, capacity 35779K, committed 35840K, reserved 1081344K
  class space    used 4357K, capacity 4831K, committed 4864K, reserved 1048576K
Heap Regions: E=young(eden), S=young(survivor), O=old, HS=humongous(starts), HC=humongous(continues), CS=collection set, F=free, A=archive, TAMS=top-at-mark-start (previous, next)
|   0|0x00000000a0c00000, 0x00000000a0d00000, 0x00000000a0d00000|100%|HS|  |TAMS 0x00000000a0d00000, 0x00000000a0d00000| Complete 
|   1|0x00000000a0d00000, 0x00000000a0e00000, 0x00000000a0e00000|100%| O|  |TAMS 0x00000000a0e00000, 0x00000000a0e00000| Untracked 
|   2|0x00000000a0e00000, 0x00000000a0f00000, 0x00000000a0f00000|100%| O|  |TAMS 0x00000000a0f00000, 0x00000000a0f00000| Untracked 
|   3|0x00000000a0f00000, 0x00000000a1000000, 0x00000000a1000000|100%| O|  |TAMS 0x00000000a1000000, 0x00000000a1000000| Untracked 
|   4|0x00000000a1000000, 0x00000000a1100000, 0x00000000a1100000|100%| O|  |TAMS 0x00000000a1100000, 0x00000000a1100000| Untracked 
|   5|0x00000000a1100000, 0x00000000a1200000, 0x00000000a1200000|100%| O|  |TAMS 0x00000000a11fa800, 0x00000000a1200000| Untracked 
|   6|0x00000000a1200000, 0x00000000a1300000, 0x00000000a1300000|100%| O|  |TAMS 0x00000000a1200000, 0x00000000a1300000| Untracked 
|   7|0x00000000a1300000, 0x00000000a1400000, 0x00000000a1400000|100%| O|  |TAMS 0x00000000a1300000, 0x00000000a1400000| Untracked 
|   8|0x00000000a1400000, 0x00000000a1500000, 0x00000000a1500000|100%| O|  |TAMS 0x00000000a1400000, 0x00000000a1500000| Untracked 
|   9|0x00000000a1500000, 0x00000000a1600000, 0x00000000a1600000|100%| O|  |TAMS 0x00000000a1500000, 0x00000000a1600000| Untracked 
|  10|0x00000000a1600000, 0x00000000a16191a0, 0x00000000a1700000|  9%| O|  |TAMS 0x00000000a1600000, 0x00000000a1700000| Untracked 
|  11|0x00000000a1700000, 0x00000000a1700000, 0x00000000a1800000|  0%| F|  |TAMS 0x00000000a1700000, 0x00000000a1700000| Untracked 
|  12|0x00000000a1800000, 0x00000000a1800000, 0x00000000a1900000|  0%| F|  |TAMS 0x00000000a1800000, 0x00000000a1800000| Untracked 
|  13|0x00000000a1900000, 0x00000000a1900000, 0x00000000a1a00000|  0%| F|  |TAMS 0x00000000a1900000, 0x00000000a1900000| Untracked 
|  14|0x00000000a1a00000, 0x00000000a1a00000, 0x00000000a1b00000|  0%| F|  |TAMS 0x00000000a1a00000, 0x00000000a1a00000| Untracked 
|  15|0x00000000a1b00000, 0x00000000a1b00000, 0x00000000a1c00000|  0%| F|  |TAMS 0x00000000a1b00000, 0x00000000a1b00000| Untracked 
|  16|0x00000000a1c00000, 0x00000000a1c00000, 0x00000000a1d00000|  0%| F|  |TAMS 0x00000000a1c00000, 0x00000000a1c00000| Untracked 
|  17|0x00000000a1d00000, 0x00000000a1d00000, 0x00000000a1e00000|  0%| F|  |TAMS 0x00000000a1d00000, 0x00000000a1d00000| Untracked 
|  18|0x00000000a1e00000, 0x00000000a1e00000, 0x00000000a1f00000|  0%| F|  |TAMS 0x00000000a1e00000, 0x00000000a1e00000| Untracked 
|  19|0x00000000a1f00000, 0x00000000a1f00000, 0x00000000a2000000|  0%| F|  |TAMS 0x00000000a1f00000, 0x00000000a1f00000| Untracked 
|  20|0x00000000a2000000, 0x00000000a2000000, 0x00000000a2100000|  0%| F|  |TAMS 0x00000000a2000000, 0x00000000a2000000| Untracked 
|  21|0x00000000a2100000, 0x00000000a2100000, 0x00000000a2200000|  0%| F|  |TAMS 0x00000000a2100000, 0x00000000a2100000| Untracked 
|  22|0x00000000a2200000, 0x00000000a2200000, 0x00000000a2300000|  0%| F|  |TAMS 0x00000000a2200000, 0x00000000a2200000| Untracked 
|  23|0x00000000a2300000, 0x00000000a2300000, 0x00000000a2400000|  0%| F|  |TAMS 0x00000000a2300000, 0x00000000a2300000| Untracked 
|  24|0x00000000a2400000, 0x00000000a2400000, 0x00000000a2500000|  0%| F|  |TAMS 0x00000000a2400000, 0x00000000a2400000| Untracked 
|  25|0x00000000a2500000, 0x00000000a2500000, 0x00000000a2600000|  0%| F|  |TAMS 0x00000000a2500000, 0x00000000a2500000| Untracked 
|  26|0x00000000a2600000, 0x00000000a2600000, 0x00000000a2700000|  0%| F|  |TAMS 0x00000000a2600000, 0x00000000a2600000| Untracked 
|  27|0x00000000a2700000, 0x00000000a2700000, 0x00000000a2800000|  0%| F|  |TAMS 0x00000000a2700000, 0x00000000a2700000| Untracked 
|  28|0x00000000a2800000, 0x00000000a2800000, 0x00000000a2900000|  0%| F|  |TAMS 0x00000000a2800000, 0x00000000a2800000| Untracked 
|  29|0x00000000a2900000, 0x00000000a2900000, 0x00000000a2a00000|  0%| F|  |TAMS 0x00000000a2900000, 0x00000000a2900000| Untracked 
|  30|0x00000000a2a00000, 0x00000000a2a00000, 0x00000000a2b00000|  0%| F|  |TAMS 0x00000000a2a00000, 0x00000000a2a00000| Untracked 
|  31|0x00000000a2b00000, 0x00000000a2b00000, 0x00000000a2c00000|  0%| F|  |TAMS 0x00000000a2b00000, 0x00000000a2b00000| Untracked 
|  32|0x00000000a2c00000, 0x00000000a2c00000, 0x00000000a2d00000|  0%| F|  |TAMS 0x00000000a2c00000, 0x00000000a2c00000| Untracked 
|  33|0x00000000a2d00000, 0x00000000a2d00000, 0x00000000a2e00000|  0%| F|  |TAMS 0x00000000a2d00000, 0x00000000a2d00000| Untracked 
|  34|0x00000000a2e00000, 0x00000000a2e00000, 0x00000000a2f00000|  0%| F|  |TAMS 0x00000000a2e00000, 0x00000000a2e00000| Untracked 
|  35|0x00000000a2f00000, 0x00000000a2f00000, 0x00000000a3000000|  0%| F|  |TAMS 0x00000000a2f00000, 0x00000000a2f00000| Untracked 
|  36|0x00000000a3000000, 0x00000000a3000000, 0x00000000a3100000|  0%| F|  |TAMS 0x00000000a3000000, 0x00000000a3000000| Untracked 
|  37|0x00000000a3100000, 0x00000000a3100000, 0x00000000a3200000|  0%| F|  |TAMS 0x00000000a3100000, 0x00000000a3100000| Untracked 
|  38|0x00000000a3200000, 0x00000000a3200000, 0x00000000a3300000|  0%| F|  |TAMS 0x00000000a3200000, 0x00000000a3200000| Untracked 
|  39|0x00000000a3300000, 0x00000000a3300000, 0x00000000a3400000|  0%| F|  |TAMS 0x00000000a3300000, 0x00000000a3300000| Untracked 
|  40|0x00000000a3400000, 0x00000000a3400000, 0x00000000a3500000|  0%| F|  |TAMS 0x00000000a3400000, 0x00000000a3400000| Untracked 
|  41|0x00000000a3500000, 0x00000000a3500000, 0x00000000a3600000|  0%| F|  |TAMS 0x00000000a3500000, 0x00000000a3500000| Untracked 
|  42|0x00000000a3600000, 0x00000000a3600000, 0x00000000a3700000|  0%| F|  |TAMS 0x00000000a3600000, 0x00000000a3600000| Untracked 
|  43|0x00000000a3700000, 0x00000000a3700000, 0x00000000a3800000|  0%| F|  |TAMS 0x00000000a3700000, 0x00000000a3700000| Untracked 
|  44|0x00000000a3800000, 0x00000000a3800000, 0x00000000a3900000|  0%| F|  |TAMS 0x00000000a3800000, 0x00000000a3800000| Untracked 
|  45|0x00000000a3900000, 0x00000000a39b7140, 0x00000000a3a00000| 71%| E|CS|TAMS 0x00000000a3900000, 0x00000000a39b7140| Complete 
|  46|0x00000000a3a00000, 0x00000000a3b00000, 0x00000000a3b00000|100%| E|CS|TAMS 0x00000000a3a00000, 0x00000000a3b00000| Complete 
|  47|0x00000000a3b00000, 0x00000000a3c00000, 0x00000000a3c00000|100%| E|CS|TAMS 0x00000000a3b00000, 0x00000000a3c00000| Complete 
|  48|0x00000000a3c00000, 0x00000000a3d00000, 0x00000000a3d00000|100%| E|CS|TAMS 0x00000000a3c00000, 0x00000000a3d00000| Complete 
|  49|0x00000000a3d00000, 0x00000000a3e00000, 0x00000000a3e00000|100%| E|CS|TAMS 0x00000000a3d00000, 0x00000000a3e00000| Complete 
|  50|0x00000000a3e00000, 0x00000000a3f00000, 0x00000000a3f00000|100%| E|CS|TAMS 0x00000000a3e00000, 0x00000000a3f00000| Complete 
|  51|0x00000000a3f00000, 0x00000000a4000000, 0x00000000a4000000|100%| E|CS|TAMS 0x00000000a3f00000, 0x00000000a4000000| Complete 
|  52|0x00000000a4000000, 0x00000000a4100000, 0x00000000a4100000|100%| E|CS|TAMS 0x00000000a4000000, 0x00000000a4100000| Complete 
|  53|0x00000000a4100000, 0x00000000a4100000, 0x00000000a4200000|  0%| F|  |TAMS 0x00000000a4100000, 0x00000000a4100000| Untracked 
|  54|0x00000000a4200000, 0x00000000a4200000, 0x00000000a4300000|  0%| F|  |TAMS 0x00000000a4200000, 0x00000000a4200000| Untracked 
|  55|0x00000000a4300000, 0x00000000a4300000, 0x00000000a4400000|  0%| F|  |TAMS 0x00000000a4300000, 0x00000000a4300000| Untracked 
|  56|0x00000000a4400000, 0x00000000a4400000, 0x00000000a4500000|  0%| F|  |TAMS 0x00000000a4400000, 0x00000000a4400000| Untracked 
|  57|0x00000000a4500000, 0x00000000a4500000, 0x00000000a4600000|  0%| F|  |TAMS 0x00000000a4500000, 0x00000000a4500000| Untracked 
|  58|0x00000000a4600000, 0x00000000a4600000, 0x00000000a4700000|  0%| F|  |TAMS 0x00000000a4600000, 0x00000000a4600000| Untracked 
|  59|0x00000000a4700000, 0x00000000a4700000, 0x00000000a4800000|  0%| F|  |TAMS 0x00000000a4700000, 0x00000000a4700000| Untracked 
|  60|0x00000000a4800000, 0x00000000a4800000, 0x00000000a4900000|  0%| F|  |TAMS 0x00000000a4800000, 0x00000000a4800000| Untracked 
|  61|0x00000000a4900000, 0x00000000a4900000, 0x00000000a4a00000|  0%| F|  |TAMS 0x00000000a4900000, 0x00000000a4900000| Untracked 
|  62|0x00000000a4a00000, 0x00000000a4a00000, 0x00000000a4b00000|  0%| F|  |TAMS 0x00000000a4a00000, 0x00000000a4a00000| Untracked 
|  63|0x00000000a4b00000, 0x00000000a4b00000, 0x00000000a4c00000|  0%| F|  |TAMS 0x00000000a4b00000, 0x00000000a4b00000| Untracked 
|  64|0x00000000a4c00000, 0x00000000a4c00000, 0x00000000a4d00000|  0%| F|  |TAMS 0x00000000a4c00000, 0x00000000a4c00000| Untracked 
|  65|0x00000000a4d00000, 0x00000000a4d00000, 0x00000000a4e00000|  0%| F|  |TAMS 0x00000000a4d00000, 0x00000000a4d00000| Untracked 
|  66|0x00000000a4e00000, 0x00000000a4e00000, 0x00000000a4f00000|  0%| F|  |TAMS 0x00000000a4e00000, 0x00000000a4e00000| Untracked 
|  67|0x00000000a4f00000, 0x00000000a4f00000, 0x00000000a5000000|  0%| F|  |TAMS 0x00000000a4f00000, 0x00000000a4f00000| Untracked 
|  68|0x00000000a5000000, 0x00000000a5000000, 0x00000000a5100000|  0%| F|  |TAMS 0x00000000a5000000, 0x00000000a5000000| Untracked 
|  69|0x00000000a5100000, 0x00000000a5100000, 0x00000000a5200000|  0%| F|  |TAMS 0x00000000a5100000, 0x00000000a5100000| Untracked 
|  70|0x00000000a5200000, 0x00000000a5200000, 0x00000000a5300000|  0%| F|  |TAMS 0x00000000a5200000, 0x00000000a5200000| Untracked 
|  71|0x00000000a5300000, 0x00000000a5300000, 0x00000000a5400000|  0%| F|  |TAMS 0x00000000a5300000, 0x00000000a5300000| Untracked 
|  72|0x00000000a5400000, 0x00000000a5400000, 0x00000000a5500000|  0%| F|  |TAMS 0x00000000a5400000, 0x00000000a5400000| Untracked 
|  73|0x00000000a5500000, 0x00000000a5500000, 0x00000000a5600000|  0%| F|  |TAMS 0x00000000a5500000, 0x00000000a5500000| Untracked 
|  74|0x00000000a5600000, 0x00000000a5680000, 0x00000000a5700000| 50%| S|  |TAMS 0x00000000a5600000, 0x00000000a5600000| Complete 
|  75|0x00000000a5700000, 0x00000000a5800000, 0x00000000a5800000|100%| S|  |TAMS 0x00000000a5700000, 0x00000000a5700000| Complete 
|  76|0x00000000a5800000, 0x00000000a5900000, 0x00000000a5900000|100%| S|  |TAMS 0x00000000a5800000, 0x00000000a5800000| Complete 
|  77|0x00000000a5900000, 0x00000000a5a00000, 0x00000000a5a00000|100%| S|  |TAMS 0x00000000a5900000, 0x00000000a5900000| Complete 
|  78|0x00000000a5a00000, 0x00000000a5b00000, 0x00000000a5b00000|100%| S|  |TAMS 0x00000000a5a00000, 0x00000000a5a00000| Complete 
|  79|0x00000000a5b00000, 0x00000000a5b80800, 0x00000000a5c00000| 50%| E|CS|TAMS 0x00000000a5b00000, 0x00000000a5b80800| Complete 
|  80|0x00000000a5c00000, 0x00000000a5d00000, 0x00000000a5d00000|100%| E|CS|TAMS 0x00000000a5c00000, 0x00000000a5d00000| Complete 
|  81|0x00000000a5d00000, 0x00000000a5e00000, 0x00000000a5e00000|100%| E|CS|TAMS 0x00000000a5d00000, 0x00000000a5e00000| Complete 
|  82|0x00000000a5e00000, 0x00000000a5f00000, 0x00000000a5f00000|100%| E|CS|TAMS 0x00000000a5e00000, 0x00000000a5f00000| Complete 
|  83|0x00000000a5f00000, 0x00000000a6000000, 0x00000000a6000000|100%| E|CS|TAMS 0x00000000a5f00000, 0x00000000a6000000| Complete 
|  84|0x00000000a6000000, 0x00000000a6100000, 0x00000000a6100000|100%| E|CS|TAMS 0x00000000a6000000, 0x00000000a6100000| Complete 
|  85|0x00000000a6100000, 0x00000000a6200000, 0x00000000a6200000|100%| E|CS|TAMS 0x00000000a6100000, 0x00000000a6200000| Complete 
|  86|0x00000000a6200000, 0x00000000a6300000, 0x00000000a6300000|100%| E|CS|TAMS 0x00000000a6200000, 0x00000000a6300000| Complete 
|  87|0x00000000a6300000, 0x00000000a6400000, 0x00000000a6400000|100%| E|CS|TAMS 0x00000000a6300000, 0x00000000a6400000| Complete 
|  88|0x00000000a6400000, 0x00000000a6500000, 0x00000000a6500000|100%| E|CS|TAMS 0x00000000a6400000, 0x00000000a6500000| Complete 
|  89|0x00000000a6500000, 0x00000000a6600000, 0x00000000a6600000|100%| E|CS|TAMS 0x00000000a6500000, 0x00000000a6600000| Complete 
|  90|0x00000000a6600000, 0x00000000a6700000, 0x00000000a6700000|100%| E|CS|TAMS 0x00000000a6600000, 0x00000000a6700000| Complete 
|  91|0x00000000a6700000, 0x00000000a6800000, 0x00000000a6800000|100%| E|CS|TAMS 0x00000000a6700000, 0x00000000a6800000| Complete 
|  92|0x00000000a6800000, 0x00000000a6900000, 0x00000000a6900000|100%| E|CS|TAMS 0x00000000a6800000, 0x00000000a6900000| Complete 
|  93|0x00000000a6900000, 0x00000000a6a00000, 0x00000000a6a00000|100%| E|CS|TAMS 0x00000000a6900000, 0x00000000a6a00000| Complete 
|  94|0x00000000a6a00000, 0x00000000a6b00000, 0x00000000a6b00000|100%| E|CS|TAMS 0x00000000a6a00000, 0x00000000a6b00000| Complete 
|  95|0x00000000a6b00000, 0x00000000a6c00000, 0x00000000a6c00000|100%| E|CS|TAMS 0x00000000a6b00000, 0x00000000a6c00000| Complete 
|  96|0x00000000a6c00000, 0x00000000a6d00000, 0x00000000a6d00000|100%| E|CS|TAMS 0x00000000a6c00000, 0x00000000a6d00000| Complete 
|  97|0x00000000a6d00000, 0x00000000a6e00000, 0x00000000a6e00000|100%| E|CS|TAMS 0x00000000a6d00000, 0x00000000a6e00000| Complete 
|  98|0x00000000a6e00000, 0x00000000a6f00000, 0x00000000a6f00000|100%| E|CS|TAMS 0x00000000a6e00000, 0x00000000a6f00000| Complete 
|  99|0x00000000a6f00000, 0x00000000a7000000, 0x00000000a7000000|100%| E|CS|TAMS 0x00000000a6f00000, 0x00000000a7000000| Complete 
| 100|0x00000000a7000000, 0x00000000a7100000, 0x00000000a7100000|100%| E|CS|TAMS 0x00000000a7000000, 0x00000000a7100000| Complete 
| 101|0x00000000a7100000, 0x00000000a7200000, 0x00000000a7200000|100%| E|CS|TAMS 0x00000000a7100000, 0x00000000a7200000| Complete 
| 102|0x00000000a7200000, 0x00000000a7300000, 0x00000000a7300000|100%| E|CS|TAMS 0x00000000a7200000, 0x00000000a7300000| Complete 
| 103|0x00000000a7300000, 0x00000000a7400000, 0x00000000a7400000|100%| E|CS|TAMS 0x00000000a7300000, 0x00000000a7400000| Complete 
| 104|0x00000000a7400000, 0x00000000a7500000, 0x00000000a7500000|100%| E|CS|TAMS 0x00000000a7400000, 0x00000000a7500000| Complete 
| 105|0x00000000a7500000, 0x00000000a7600000, 0x00000000a7600000|100%| E|CS|TAMS 0x00000000a7500000, 0x00000000a7600000| Complete 
| 106|0x00000000a7600000, 0x00000000a7700000, 0x00000000a7700000|100%| E|CS|TAMS 0x00000000a7600000, 0x00000000a7700000| Complete 
| 107|0x00000000a7700000, 0x00000000a7800000, 0x00000000a7800000|100%| E|CS|TAMS 0x00000000a7700000, 0x00000000a7800000| Complete 
| 108|0x00000000a7800000, 0x00000000a7900000, 0x00000000a7900000|100%| E|CS|TAMS 0x00000000a7800000, 0x00000000a7900000| Complete 
| 109|0x00000000a7900000, 0x00000000a7a00000, 0x00000000a7a00000|100%| E|CS|TAMS 0x00000000a7900000, 0x00000000a7a00000| Complete 
| 110|0x00000000a7a00000, 0x00000000a7b00000, 0x00000000a7b00000|100%| E|CS|TAMS 0x00000000a7a00000, 0x00000000a7b00000| Complete 
| 111|0x00000000a7b00000, 0x00000000a7c00000, 0x00000000a7c00000|100%| E|CS|TAMS 0x00000000a7b00000, 0x00000000a7c00000| Complete 
| 112|0x00000000a7c00000, 0x00000000a7d00000, 0x00000000a7d00000|100%| E|CS|TAMS 0x00000000a7c00000, 0x00000000a7d00000| Complete 
| 113|0x00000000a7d00000, 0x00000000a7e00000, 0x00000000a7e00000|100%| E|CS|TAMS 0x00000000a7d00000, 0x00000000a7e00000| Complete 
| 114|0x00000000a7e00000, 0x00000000a7f00000, 0x00000000a7f00000|100%| E|CS|TAMS 0x00000000a7e00000, 0x00000000a7f00000| Complete 
| 115|0x00000000a7f00000, 0x00000000a8000000, 0x00000000a8000000|100%| E|CS|TAMS 0x00000000a7f00000, 0x00000000a8000000| Complete 

Card table byte_map: [0x000001d9ff220000,0x000001d9ff520000] _byte_map_base: 0x000001d9fed1a000

Marking Bits (Prev, Next): (CMBitMap*) 0x000001d9e7566880, (CMBitMap*) 0x000001d9e7566848
 Prev Bits: [0x000001d9817d0000, 0x000001d982fa0000)
 Next Bits: [0x000001d980000000, 0x000001d9817d0000)

Polling page: 0x000001d9e7600000

Metaspace:

Usage:
  Non-class:     30.22 MB capacity,    29.57 MB ( 98%) used,   538.20 KB (  2%) free+waste,   131.81 KB ( <1%) overhead. 
      Class:      4.72 MB capacity,     4.26 MB ( 90%) used,   407.45 KB (  8%) free+waste,    66.06 KB (  1%) overhead. 
       Both:     34.94 MB capacity,    33.82 MB ( 97%) used,   945.66 KB (  3%) free+waste,   197.88 KB ( <1%) overhead. 

Virtual space:
  Non-class space:       32.00 MB reserved,      30.25 MB ( 95%) committed 
      Class space:        1.00 GB reserved,       4.75 MB ( <1%) committed 
             Both:        1.03 GB reserved,      35.00 MB (  3%) committed 

Chunk freelists:
   Non-Class:  3.50 KB
       Class:  128 bytes
        Both:  3.63 KB

CodeHeap 'non-profiled nmethods': size=238912Kb used=5762Kb max_used=5762Kb free=233149Kb
 bounds [0x000001d9effb0000, 0x000001d9f0560000, 0x000001d9fe900000]
CodeHeap 'non-nmethods': size=6848Kb used=2291Kb max_used=2291Kb free=4556Kb
 bounds [0x000001d9ef900000, 0x000001d9efb70000, 0x000001d9effb0000]
 total_blobs=4149 nmethods=3633 adapters=423
 compilation: enabled
              stopped_count=0, restarted_count=0
 full_count=0

Compilation events (10 events):
Event: 4.419 Thread 0x000001d9ffe1c800 nmethod 3628 0x000001d9f054e610 code [0x000001d9f054e7c0, 0x000001d9f054e950]
Event: 4.419 Thread 0x000001d985dee000 nmethod 3629 0x000001d9f054ea10 code [0x000001d9f054ebc0, 0x000001d9f054ed10]
Event: 4.420 Thread 0x000001d985ae2800 3630       1       java.lang.invoke.MethodHandles::makeIdentity (23 bytes)
Event: 4.420 Thread 0x000001d9ffe1c800 3631       1       java.lang.invoke.LambdaForm::identityForm (27 bytes)
Event: 4.420 Thread 0x000001d985dee000 3632       1       java.lang.invoke.MethodHandleImpl::makeIntrinsic (14 bytes)
Event: 4.421 Thread 0x000001d9ffe1c800 nmethod 3631 0x000001d9f054ed90 code [0x000001d9f054ef60, 0x000001d9f054f0f0]
Event: 4.421 Thread 0x000001d985dee000 nmethod 3632 0x000001d9f054f210 code [0x000001d9f054f3e0, 0x000001d9f054f6e0]
Event: 4.421 Thread 0x000001d9ffe1c800 3633       1       java.lang.invoke.MethodHandleImpl$IntrinsicMethodHandle::<init> (20 bytes)
Event: 4.422 Thread 0x000001d985ae2800 nmethod 3630 0x000001d9f054f810 code [0x000001d9f054fa40, 0x000001d9f0550000]
Event: 4.422 Thread 0x000001d9ffe1c800 nmethod 3633 0x000001d9f0550310 code [0x000001d9f05504e0, 0x000001d9f05507a0]

GC Heap History (10 events):
Event: 2.099 GC heap after
{Heap after GC invocations=3 (full 0):
 garbage-first heap   total 98304K, used 8525K [0x00000000a0c00000, 0x0000000100000000)
  region size 1024K, 3 young (3072K), 3 survivors (3072K)
 Metaspace       used 19613K, capacity 20290K, committed 20608K, reserved 1067008K
  class space    used 2367K, capacity 2618K, committed 2688K, reserved 1048576K
}
Event: 2.145 GC heap before
{Heap before GC invocations=3 (full 0):
 garbage-first heap   total 98304K, used 13645K [0x00000000a0c00000, 0x0000000100000000)
  region size 1024K, 9 young (9216K), 3 survivors (3072K)
 Metaspace       used 20471K, capacity 21090K, committed 21248K, reserved 1067008K
  class space    used 2483K, capacity 2714K, committed 2816K, reserved 1048576K
}
Event: 2.151 GC heap after
{Heap after GC invocations=4 (full 0):
 garbage-first heap   total 98304K, used 8860K [0x00000000a0c00000, 0x0000000100000000)
  region size 1024K, 3 young (3072K), 3 survivors (3072K)
 Metaspace       used 20471K, capacity 21090K, committed 21248K, reserved 1067008K
  class space    used 2483K, capacity 2714K, committed 2816K, reserved 1048576K
}
Event: 2.616 GC heap before
{Heap before GC invocations=5 (full 0):
 garbage-first heap   total 98304K, used 44700K [0x00000000a0c00000, 0x0000000100000000)
  region size 1024K, 39 young (39936K), 3 survivors (3072K)
 Metaspace       used 25739K, capacity 26543K, committed 26880K, reserved 1073152K
  class space    used 3166K, capacity 3499K, committed 3584K, reserved 1048576K
}
Event: 2.626 GC heap after
{Heap after GC invocations=6 (full 0):
 garbage-first heap   total 118784K, used 10141K [0x00000000a0c00000, 0x0000000100000000)
  region size 1024K, 4 young (4096K), 4 survivors (4096K)
 Metaspace       used 25739K, capacity 26543K, committed 26880K, reserved 1073152K
  class space    used 3166K, capacity 3499K, committed 3584K, reserved 1048576K
}
Event: 3.025 GC heap before
{Heap before GC invocations=6 (full 0):
 garbage-first heap   total 118784K, used 61341K [0x00000000a0c00000, 0x0000000100000000)
  region size 1024K, 55 young (56320K), 4 survivors (4096K)
 Metaspace       used 26989K, capacity 27809K, committed 28032K, reserved 1073152K
  class space    used 3329K, capacity 3661K, committed 3712K, reserved 1048576K
}
Event: 3.036 GC heap after
{Heap after GC invocations=7 (full 0):
 garbage-first heap   total 118784K, used 11083K [0x00000000a0c00000, 0x0000000100000000)
  region size 1024K, 4 young (4096K), 4 survivors (4096K)
 Metaspace       used 26989K, capacity 27809K, committed 28032K, reserved 1073152K
  class space    used 3329K, capacity 3661K, committed 3712K, reserved 1048576K
}
Event: 4.232 GC heap before
{Heap before GC invocations=7 (full 0):
 garbage-first heap   total 118784K, used 71499K [0x00000000a0c00000, 0x0000000100000000)
  region size 1024K, 63 young (64512K), 4 survivors (4096K)
 Metaspace       used 33988K, capacity 35199K, committed 35456K, reserved 1079296K
  class space    used 4274K, capacity 4722K, committed 4736K, reserved 1048576K
}
Event: 4.262 GC heap after
{Heap after GC invocations=8 (full 0):
 garbage-first heap   total 118784K, used 14887K [0x00000000a0c00000, 0x0000000100000000)
  region size 1024K, 8 young (8192K), 8 survivors (8192K)
 Metaspace       used 33988K, capacity 35199K, committed 35456K, reserved 1079296K
  class space    used 4274K, capacity 4722K, committed 4736K, reserved 1048576K
}
Event: 4.424 GC heap before
{Heap before GC invocations=8 (full 0):
 garbage-first heap   total 118784K, used 50727K [0x00000000a0c00000, 0x0000000100000000)
  region size 1024K, 45 young (46080K), 8 survivors (8192K)
 Metaspace       used 34635K, capacity 35779K, committed 35840K, reserved 1081344K
  class space    used 4357K, capacity 4831K, committed 4864K, reserved 1048576K
}

Deoptimization events (0 events):
No events

Classes redefined (0 events):
No events

Internal exceptions (10 events):
Event: 3.829 Thread 0x000001d9e7530000 Exception <a 'java/lang/ClassNotFoundException'{0x00000000a5ecf348}: org/springframework/beans/factory/AwareCustomizer> (0x00000000a5ecf348) thrown at [t:/workspace/open/src/hotspot/share/classfile/systemDictionary.cpp, line 231]
Event: 3.892 Thread 0x000001d9e7530000 Exception <a 'java/lang/NoSuchMethodError'{0x00000000a5bdea60}: java.lang.invoke.DirectMethodHandle$Holder.invokeSpecial(Ljava/lang/Object;Ljava/lang/Object;Ljava/lang/Object;Ljava/lang/Object;Ljava/lang/Object;)I> (0x00000000a5bdea60) thrown at [t:/works
Event: 3.955 Thread 0x000001d9e7530000 Exception <a 'java/lang/NoSuchMethodError'{0x00000000a582e458}: java.lang.invoke.DirectMethodHandle$Holder.invokeInterface(Ljava/lang/Object;Ljava/lang/Object;I)V> (0x00000000a582e458) thrown at [t:/workspace/open/src/hotspot/share/interpreter/linkResolve
Event: 3.960 Thread 0x000001d9e7530000 Exception <a 'java/lang/NoSuchMethodError'{0x00000000a5872638}: java.lang.invoke.DirectMethodHandle$Holder.invokeStatic(Ljava/lang/Object;ILjava/lang/Object;)V> (0x00000000a5872638) thrown at [t:/workspace/open/src/hotspot/share/interpreter/linkResolver.c
Event: 3.963 Thread 0x000001d9e7530000 Exception <a 'java/lang/NoSuchMethodError'{0x00000000a58953b8}: java.lang.invoke.DirectMethodHandle$Holder.invokeVirtual(Ljava/lang/Object;Ljava/lang/Object;)I> (0x00000000a58953b8) thrown at [t:/workspace/open/src/hotspot/share/interpreter/linkResolver.c
Event: 3.964 Thread 0x000001d9e7530000 Exception <a 'java/lang/NoSuchMethodError'{0x00000000a589ee48}: java.lang.invoke.DirectMethodHandle$Holder.invokeSpecialIFC(Ljava/lang/Object;Ljava/lang/Object;Ljava/lang/Object;Ljava/lang/Object;)I> (0x00000000a589ee48) thrown at [t:/workspace/open/src/h
Event: 4.140 Thread 0x000001d986098800 Exception <a 'java/lang/reflect/InvocationTargetException'{0x00000000a7b8f558}> (0x00000000a7b8f558) thrown at [t:/workspace/open/src/hotspot/share/runtime/reflection.cpp, line 1242]
Event: 4.329 Thread 0x000001d9e7530000 Exception <a 'java/io/FileNotFoundException'{0x00000000a5e53788}> (0x00000000a5e53788) thrown at [t:/workspace/open/src/hotspot/share/prims/jni.cpp, line 615]
Event: 4.390 Thread 0x000001d9e7530000 Exception <a 'java/lang/NoSuchMethodError'{0x00000000a5c26db0}: java.lang.invoke.DirectMethodHandle$Holder.invokeInterface(Ljava/lang/Object;Ljava/lang/Object;Ljava/lang/Object;Ljava/lang/Object;)I> (0x00000000a5c26db0) thrown at [t:/workspace/open/src/ho
Event: 4.417 Thread 0x000001d9e7530000 Exception <a 'java/lang/NoSuchMethodError'{0x00000000a5cf8498}: java.lang.invoke.DirectMethodHandle$Holder.invokeVirtual(Ljava/lang/Object;Ljava/lang/Object;Ljava/lang/Object;Ljava/lang/Object;)V> (0x00000000a5cf8498) thrown at [t:/workspace/open/src/hots

Events (10 events):
Event: 4.421 loading class org/springframework/boot/context/properties/source/ConfigurationPropertyName done
Event: 4.421 loading class org/springframework/boot/context/properties/source/ConfigurationPropertyName
Event: 4.421 loading class org/springframework/boot/context/properties/source/ConfigurationPropertyName done
Event: 4.422 loading class com/zaxxer/hikari/HikariPoolMXBean
Event: 4.422 loading class com/zaxxer/hikari/HikariPoolMXBean done
Event: 4.423 loading class com/zaxxer/hikari/metrics/MetricsTrackerFactory
Event: 4.423 loading class com/zaxxer/hikari/metrics/MetricsTrackerFactory done
Event: 4.423 loading class com/zaxxer/hikari/pool/HikariPool
Event: 4.423 loading class com/zaxxer/hikari/pool/HikariPool done
Event: 4.424 Executing VM operation: CollectForMetadataAllocation


Dynamic libraries:
0x00007ff6b4d30000 - 0x00007ff6b4d75000 	C:\Program Files\Java\jdk-11.0.2\bin\javaw.exe
0x00007ffc8f160000 - 0x00007ffc8f350000 	C:\Windows\SYSTEM32\ntdll.dll
0x00007ffc8efd0000 - 0x00007ffc8f082000 	C:\Windows\System32\KERNEL32.DLL
0x00007ffc8c270000 - 0x00007ffc8c513000 	C:\Windows\System32\KERNELBASE.dll
0x00007ffc8e790000 - 0x00007ffc8e924000 	C:\Windows\System32\USER32.dll
0x00007ffc8c190000 - 0x00007ffc8c1b1000 	C:\Windows\System32\win32u.dll
0x00007ffc8f0f0000 - 0x00007ffc8f116000 	C:\Windows\System32\GDI32.dll
0x00007ffc8c770000 - 0x00007ffc8c904000 	C:\Windows\System32\gdi32full.dll
0x00007ffc8c910000 - 0x00007ffc8c9ae000 	C:\Windows\System32\msvcp_win.dll
0x00007ffc8c670000 - 0x00007ffc8c76a000 	C:\Windows\System32\ucrtbase.dll
0x00007ffc78e90000 - 0x00007ffc79115000 	C:\Windows\WinSxS\amd64_microsoft.windows.common-controls_6595b64144ccf1df_6.0.18362.720_none_e6beb5c51314836b\COMCTL32.dll
0x00007ffc8ec90000 - 0x00007ffc8ed2e000 	C:\Windows\System32\msvcrt.dll
0x00007ffc8e1d0000 - 0x00007ffc8e506000 	C:\Windows\System32\combase.dll
0x00007ffc8eea0000 - 0x00007ffc8efc0000 	C:\Windows\System32\RPCRT4.dll
0x00007ffc8d130000 - 0x00007ffc8d1b0000 	C:\Windows\System32\bcryptPrimitives.dll
0x00007ffc8ec60000 - 0x00007ffc8ec8e000 	C:\Windows\System32\IMM32.DLL
0x00007ffc76040000 - 0x00007ffc76056000 	C:\Program Files\Java\jdk-11.0.2\bin\vcruntime140.dll
0x00007ffc69b20000 - 0x00007ffc69bca000 	C:\Program Files\Java\jdk-11.0.2\bin\msvcp140.dll
0x00007ffc43eb0000 - 0x00007ffc449d3000 	C:\Program Files\Java\jdk-11.0.2\bin\server\jvm.dll
0x00007ffc8ebb0000 - 0x00007ffc8ec53000 	C:\Windows\System32\ADVAPI32.dll
0x00007ffc8ee00000 - 0x00007ffc8ee97000 	C:\Windows\System32\sechost.dll
0x00007ffc8efc0000 - 0x00007ffc8efc8000 	C:\Windows\System32\PSAPI.DLL
0x00007ffc87320000 - 0x00007ffc87329000 	C:\Windows\SYSTEM32\WSOCK32.dll
0x00007ffc8df10000 - 0x00007ffc8df7f000 	C:\Windows\System32\WS2_32.dll
0x00007ffc8a150000 - 0x00007ffc8a174000 	C:\Windows\SYSTEM32\WINMM.dll
0x00007ffc80110000 - 0x00007ffc8011a000 	C:\Windows\SYSTEM32\VERSION.dll
0x00007ffc8a120000 - 0x00007ffc8a14d000 	C:\Windows\SYSTEM32\WINMMBASE.dll
0x00007ffc8c110000 - 0x00007ffc8c15a000 	C:\Windows\System32\cfgmgr32.dll
0x00007ffc8c050000 - 0x00007ffc8c061000 	C:\Windows\System32\kernel.appcore.dll
0x00007ffc75230000 - 0x00007ffc75241000 	C:\Program Files\Java\jdk-11.0.2\bin\verify.dll
0x00007ffc78730000 - 0x00007ffc78924000 	C:\Windows\SYSTEM32\DBGHELP.DLL
0x00007ffc78700000 - 0x00007ffc7872a000 	C:\Windows\SYSTEM32\dbgcore.DLL
0x00007ffc75200000 - 0x00007ffc75228000 	C:\Program Files\Java\jdk-11.0.2\bin\java.dll
0x00007ffc714d0000 - 0x00007ffc714e6000 	C:\Program Files\Java\jdk-11.0.2\bin\zip.dll
0x00007ffc854b0000 - 0x00007ffc854ba000 	C:\Program Files\Java\jdk-11.0.2\bin\jimage.dll
0x00007ffc8d210000 - 0x00007ffc8d8f5000 	C:\Windows\System32\SHELL32.dll
0x00007ffc8eb00000 - 0x00007ffc8eba9000 	C:\Windows\System32\shcore.dll
0x00007ffc8c9b0000 - 0x00007ffc8d130000 	C:\Windows\System32\windows.storage.dll
0x00007ffc8c070000 - 0x00007ffc8c093000 	C:\Windows\System32\profapi.dll
0x00007ffc8c0a0000 - 0x00007ffc8c0ea000 	C:\Windows\System32\powrprof.dll
0x00007ffc8c020000 - 0x00007ffc8c030000 	C:\Windows\System32\UMPDC.dll
0x00007ffc8d900000 - 0x00007ffc8d952000 	C:\Windows\System32\shlwapi.dll
0x00007ffc8c0f0000 - 0x00007ffc8c107000 	C:\Windows\System32\cryptsp.dll
0x00007ffc6f0f0000 - 0x00007ffc6f109000 	C:\Program Files\Java\jdk-11.0.2\bin\net.dll
0x00007ffc86490000 - 0x00007ffc86665000 	C:\Windows\SYSTEM32\urlmon.dll
0x00007ffc83970000 - 0x00007ffc83a61000 	C:\Windows\SYSTEM32\WINHTTP.dll
0x00007ffc861e0000 - 0x00007ffc86486000 	C:\Windows\SYSTEM32\iertutil.dll
0x00007ffc8ba00000 - 0x00007ffc8ba0c000 	C:\Windows\SYSTEM32\CRYPTBASE.DLL
0x00007ffc8b830000 - 0x00007ffc8b897000 	C:\Windows\system32\mswsock.dll
0x00007ffc6d160000 - 0x00007ffc6d173000 	C:\Program Files\Java\jdk-11.0.2\bin\nio.dll
0x00007ffc85560000 - 0x00007ffc85569000 	C:\Program Files\Java\jdk-11.0.2\bin\management.dll
0x00007ffc85550000 - 0x00007ffc8555c000 	C:\Program Files\Java\jdk-11.0.2\bin\management_ext.dll
0x00007ffc76020000 - 0x00007ffc76036000 	C:\Windows\system32\napinsp.dll
0x00007ffc6fe70000 - 0x00007ffc6fe8a000 	C:\Windows\system32\pnrpnsp.dll
0x00007ffc8b580000 - 0x00007ffc8b64a000 	C:\Windows\SYSTEM32\DNSAPI.dll
0x00007ffc8e780000 - 0x00007ffc8e788000 	C:\Windows\System32\NSI.dll
0x00007ffc8b540000 - 0x00007ffc8b57a000 	C:\Windows\SYSTEM32\IPHLPAPI.DLL
0x00007ffc872f0000 - 0x00007ffc872fe000 	C:\Windows\System32\winrnr.dll
0x00007ffc88880000 - 0x00007ffc8889c000 	C:\Windows\system32\NLAapi.dll
0x00007ffc87b10000 - 0x00007ffc87b25000 	C:\Windows\system32\wshbth.dll
0x00007ffc85220000 - 0x00007ffc8522a000 	C:\Windows\System32\rasadhlp.dll
0x00007ffc86900000 - 0x00007ffc86977000 	C:\Windows\System32\fwpuclnt.dll
0x00007ffc8c160000 - 0x00007ffc8c186000 	C:\Windows\System32\bcrypt.dll
0x00007ffc8b3a0000 - 0x00007ffc8b3d3000 	C:\Windows\system32\rsaenh.dll
0x00007ffc8bf40000 - 0x00007ffc8bf65000 	C:\Windows\SYSTEM32\USERENV.dll
0x00007ffc86da0000 - 0x00007ffc86db6000 	C:\Windows\SYSTEM32\dhcpcsvc6.DLL
0x00007ffc86d80000 - 0x00007ffc86d9c000 	C:\Windows\SYSTEM32\dhcpcsvc.DLL

dbghelp: loaded successfully - version: 4.0.5 - missing functions: none
symbol engine: initialized successfully - sym options: 0x614 - pdb path: .;C:\Program Files\Java\jdk-11.0.2\bin;C:\Windows\SYSTEM32;C:\Windows\WinSxS\amd64_microsoft.windows.common-controls_6595b64144ccf1df_6.0.18362.720_none_e6beb5c51314836b;C:\Program Files\Java\jdk-11.0.2\bin\server

VM Arguments:
jvm_args: -Dcom.sun.management.jmxremote -Dcom.sun.management.jmxremote.port=60483 -Dcom.sun.management.jmxremote.authenticate=false -Dcom.sun.management.jmxremote.ssl=false -Djava.rmi.server.hostname=localhost -Dspring.jmx.enabled=true -Dspring.application.admin.enabled=true -Xverify:none -XX:TieredStopAtLevel=1 -Dspring.boot.project.name=course -Dfile.encoding=UTF-8 
java_command: com.heitor.course.CourseApplication --spring.output.ansi.enabled=always
java_class_path (initial): C:\projetos\sts\course\target\classes;C:\Users\Heitor Ramos\.m2\repository\org\springframework\boot\spring-boot-starter-web\2.2.6.RELEASE\spring-boot-starter-web-2.2.6.RELEASE.jar;C:\Users\Heitor Ramos\.m2\repository\org\springframework\boot\spring-boot-starter\2.2.6.RELEASE\spring-boot-starter-2.2.6.RELEASE.jar;C:\Users\Heitor Ramos\.m2\repository\org\springframework\boot\spring-boot\2.2.6.RELEASE\spring-boot-2.2.6.RELEASE.jar;C:\Users\Heitor Ramos\.m2\repository\org\springframework\boot\spring-boot-autoconfigure\2.2.6.RELEASE\spring-boot-autoconfigure-2.2.6.RELEASE.jar;C:\Users\Heitor Ramos\.m2\repository\org\springframework\boot\spring-boot-starter-logging\2.2.6.RELEASE\spring-boot-starter-logging-2.2.6.RELEASE.jar;C:\Users\Heitor Ramos\.m2\repository\ch\qos\logback\logback-classic\1.2.3\logback-classic-1.2.3.jar;C:\Users\Heitor Ramos\.m2\repository\ch\qos\logback\logback-core\1.2.3\logback-core-1.2.3.jar;C:\Users\Heitor Ramos\.m2\repository\org\apache\logging\log4j\log4j-to-slf4j\2.12.1\log4j-to-slf4j-2.12.1.jar;C:\Users\Heitor Ramos\.m2\repository\org\apache\logging\log4j\log4j-api\2.12.1\log4j-api-2.12.1.jar;C:\Users\Heitor Ramos\.m2\repository\org\slf4j\jul-to-slf4j\1.7.30\jul-to-slf4j-1.7.30.jar;C:\Users\Heitor Ramos\.m2\repository\jakarta\annotation\jakarta.annotation-api\1.3.5\jakarta.annotation-api-1.3.5.jar;C:\Users\Heitor Ramos\.m2\repository\org\yaml\snakeyaml\1.25\snakeyaml-1.25.jar;C:\Users\Heitor Ramos\.m2\repository\org\springframework\boot\spring-boot-starter-json\2.2.6.RELEASE\spring-boot-starter-json-2.2.6.RELEASE.jar;C:\Users\Heitor Ramos\.m2\repository\com\fasterxml\jackson\core\jackson-databind\2.10.3\jackson-databind-2.10.3.jar;C:\Users\Heitor Ramos\.m2\repository\com\fasterxml\jackson\core\jackson-annotations\2.10.3\jackson-annotations-2.10.3.jar;C:\Users\Heitor Ramos\.m2\repository\com\fasterxml\jackson\core\jackson-core\2.10.3\jackson-core-2.10.3.jar;C:\Users\Heitor Ramos\.m2\repository\com\fasterxml\jackson\d
Launcher Type: SUN_STANDARD

[Global flags]
     bool BytecodeVerificationLocal                = false                                     {product} {command line}
     bool BytecodeVerificationRemote               = false                                     {product} {command line}
     intx CICompilerCount                          = 3                                         {product} {ergonomic}
     uint ConcGCThreads                            = 1                                         {product} {ergonomic}
     uint G1ConcRefinementThreads                  = 4                                         {product} {ergonomic}
   size_t G1HeapRegionSize                         = 1048576                                   {product} {ergonomic}
    uintx GCDrainStackTargetSize                   = 64                                        {product} {ergonomic}
   size_t InitialHeapSize                          = 100663296                                 {product} {ergonomic}
     bool ManagementServer                         = true                                      {product} {command line}
   size_t MarkStackSize                            = 4194304                                   {product} {ergonomic}
   size_t MaxHeapSize                              = 1598029824                                {product} {ergonomic}
   size_t MaxNewSize                               = 958398464                                 {product} {ergonomic}
   size_t MinHeapDeltaBytes                        = 1048576                                   {product} {ergonomic}
    uintx NonNMethodCodeHeapSize                   = 6973028                                {pd product} {ergonomic}
    uintx NonProfiledCodeHeapSize                  = 244685212                              {pd product} {ergonomic}
    uintx ProfiledCodeHeapSize                     = 0                                      {pd product} {ergonomic}
    uintx ReservedCodeCacheSize                    = 251658240                              {pd product} {ergonomic}
     bool SegmentedCodeCache                       = true                                      {product} {ergonomic}
     intx TieredStopAtLevel                        = 1                                         {product} {command line}
     bool UseCompressedClassPointers               = true                                 {lp64_product} {ergonomic}
     bool UseCompressedOops                        = true                                 {lp64_product} {ergonomic}
     bool UseG1GC                                  = true                                      {product} {ergonomic}
     bool UseLargePagesIndividualAllocation        = false                                  {pd product} {ergonomic}

Logging:
Log output configuration:
 #0: stdout all=warning uptime,level,tags
 #1: stderr all=off uptime,level,tags

Environment Variables:
JAVA_HOME=C:\Program Files\Java\jdk-11.0.2
PATH=C:/Program Files/Java/jdk-11.0.2/bin/server;C:/Program Files/Java/jdk-11.0.2/bin;C:\Program Files (x86)\Common Files\Oracle\Java\javapath;C:\Windows\system32;C:\Windows;C:\Windows\System32\Wbem;C:\Windows\System32\WindowsPowerShell\v1.0\;C:\Windows\System32\OpenSSH\;C:\Program Files\Git\cmd;C:\Program Files\PuTTY\;C:\Program Files\Java\jdk-11.0.2\bin;C:\Users\Heitor Ramos\AppData\Local\Microsoft\WindowsApps;;C:\STS\sts-4.6.0.RELEASE;
USERNAME=Heitor Ramos
OS=Windows_NT
PROCESSOR_IDENTIFIER=Intel64 Family 6 Model 42 Stepping 7, GenuineIntel



---------------  S Y S T E M  ---------------

OS: Windows 10 , 64 bit Build 18362 (10.0.18362.329)

CPU:total 4 (initial active 4) (2 cores per cpu, 2 threads per core) family 6 model 42 stepping 7, cmov, cx8, fxsr, mmx, sse, sse2, sse3, ssse3, sse4.1, sse4.2, popcnt, avx, clmul, ht, tsc, tscinvbit

Memory: 4k page, system-wide physical 6091M (1656M free)
TotalPageFile size 8943M (AvailPageFile size 2975M)
current process WorkingSet (physical memory assigned to process): 166M, peak: 166M
current process commit charge ("private bytes"): 235M, peak: 235M

vm_info: OpenJDK 64-Bit Server VM (11.0.2+9) for windows-amd64 JRE (11.0.2+9), built on Jan 18 2019 05:23:22 by "mach5one" with MS VC++ 15.5 (VS2017)

END.
