#
# A fatal error has been detected by the Java Runtime Environment:
#
#  EXCEPTION_ACCESS_VIOLATION (0xc0000005) at pc=0x00007ffc44062260, pid=5040, tid=10500
#
# JRE version: OpenJDK Runtime Environment (11.0.2+9) (build 11.0.2+9)
# Java VM: OpenJDK 64-Bit Server VM (11.0.2+9, mixed mode, tiered, compressed oops, g1 gc, windows-amd64)
# Problematic frame:
# V  [jvm.dll+0x1b2260]
#
# No core dump will be written. Minidumps are not enabled by default on client versions of Windows
#
# If you would like to submit a bug report, please visit:
#   http://bugreport.java.com/bugreport/crash.jsp
#

---------------  S U M M A R Y ------------

Command Line: -Dcom.sun.management.jmxremote -Dcom.sun.management.jmxremote.port=60050 -Dcom.sun.management.jmxremote.authenticate=false -Dcom.sun.management.jmxremote.ssl=false -Djava.rmi.server.hostname=localhost -Dspring.jmx.enabled=true -Dspring.application.admin.enabled=true -Xverify:none -XX:TieredStopAtLevel=1 -Dspring.boot.project.name=course -Dfile.encoding=UTF-8 com.heitor.course.CourseApplication --spring.output.ansi.enabled=always

Host: Intel(R) Core(TM) i3-2350M CPU @ 2.30GHz, 4 cores, 5G,  Windows 10 , 64 bit Build 18362 (10.0.18362.329)
Time: Mon Apr 13 23:57:48 2020 Hora oficial do Brasil elapsed time: 4 seconds (0d 0h 0m 4s)

---------------  T H R E A D  ---------------

Current thread (0x0000022fa08b1000):  GCTaskThread "GC Thread#2" [stack: 0x000000a065b00000,0x000000a065c00000] [id=10500]

Stack: [0x000000a065b00000,0x000000a065c00000],  sp=0x000000a065bff978,  free space=1022k
Native frames: (J=compiled Java code, j=interpreted, Vv=VM code, C=native code)
V  [jvm.dll+0x1b2260]


siginfo: EXCEPTION_ACCESS_VIOLATION (0xc0000005), reading address 0x000000000000003f


Register to memory mapping:

RIP=0x00007ffc44062260 jvm.dll
RAX=0x00007ffc4476dd70 jvm.dll
RBX=0x0000022f89db3990 is at entry_point+-464 in (nmethod*)0x0000022f89db3990
RCX=0x000000000000003f is an unknown value
RDX=0x0000022f89db3b50 is at entry_point+-16 in (nmethod*)0x0000022f89db3990
RSP=0x000000a065bff978 points into unknown readable memory: 4d ae 2b 44 fc 7f 00 00
RBP=0x0000022fa089d5d0 points into unknown readable memory: 02 00 00 00 6f 72 44 65
RSI=0x0000022f89db3990 is at entry_point+-464 in (nmethod*)0x0000022f89db3990
RDI=0x000000a0647fe9c0 points into unknown readable memory: 88 92 72 44 fc 7f 00 00
R8 =0x0000022f89db3d94 is at entry_point+564 in (nmethod*)0x0000022f89db3990
R9 =0x00000000000007ff is an unknown value
R10=0x0000022f89db3b46 is at entry_point+-26 in (nmethod*)0x0000022f89db3990
R11=0x000000a065bff9c0 points into unknown readable memory: 00 00 00 00 00 00 00 00
R12=0x0000022f9e610fe0 points into unknown readable memory: 6a 61 76 61 2e 6c 61 6e
R13=0x0000022f9e6113b8 points into unknown readable memory: 7b 26 14 7f 00 0b 00 88
R14=0x0000022f9e610fd0 points into unknown readable memory: 00 00 00 00 00 00 00 00
R15=0x0 is NULL


Registers:
RAX=0x00007ffc4476dd70, RBX=0x0000022f89db3990, RCX=0x000000000000003f, RDX=0x0000022f89db3b50
RSP=0x000000a065bff978, RBP=0x0000022fa089d5d0, RSI=0x0000022f89db3990, RDI=0x000000a0647fe9c0
R8 =0x0000022f89db3d94, R9 =0x00000000000007ff, R10=0x0000022f89db3b46, R11=0x000000a065bff9c0
R12=0x0000022f9e610fe0, R13=0x0000022f9e6113b8, R14=0x0000022f9e610fd0, R15=0x0000000000000000
RIP=0x00007ffc44062260, EFLAGS=0x0000000000010216

Top of Stack: (sp=0x000000a065bff978)
0x000000a065bff978:   00007ffc442bae4d 0000022f89db3ce0
0x000000a065bff988:   0000022f89db3da0 00007ffc447181e0
0x000000a065bff998:   000000a065bff920 0000000000000000
0x000000a065bff9a8:   00007ffc444bc66a 0000022f9e6113b8
0x000000a065bff9b8:   0000022f9e610fe0 0000000000000000
0x000000a065bff9c8:   0000022f9e610fd0 0000022f89db3b80
0x000000a065bff9d8:   00007ffc440dda65 0000022f89db3b80
0x000000a065bff9e8:   0000022fa089d5d0 0000022f89db3990
0x000000a065bff9f8:   000000a0647fe9c0 000000a0647fe900
0x000000a065bffa08:   000000a065bffab8 000000a0647fe860
0x000000a065bffa18:   0000000000000000 0000022f89db3990
0x000000a065bffa28:   00007ffc441a53b8 00000000000003d8
0x000000a065bffa38:   0000022f89d6d190 0000000000000005
0x000000a065bffa48:   0000000000000000 000000a000000010
0x000000a065bffa58:   00007ffc8c2a8bc3 0000022f89dafd90
0x000000a065bffa68:   0000022f89db0410 0000022f89db0a90 

Instructions: (pc=0x00007ffc44062260)
0x00007ffc44062240:   00 01 43 74 48 83 c4 20 5b c3 cc cc cc cc cc cc
0x00007ffc44062250:   8b 41 74 c3 cc cc cc cc cc cc cc cc cc cc cc cc
0x00007ffc44062260:   48 8b 01 c3 cc cc cc cc cc cc cc cc cc cc cc cc
0x00007ffc44062270:   48 83 79 60 00 75 04 48 89 51 60 c3 cc cc cc cc 


Stack slot to memory mapping:
stack at sp + 0 slots: 0x00007ffc442bae4d jvm.dll
stack at sp + 1 slots: 0x0000022f89db3ce0 is at entry_point+384 in (nmethod*)0x0000022f89db3990
stack at sp + 2 slots: 0x0000022f89db3da0 is at entry_point+576 in (nmethod*)0x0000022f89db3990
stack at sp + 3 slots: 0x00007ffc447181e0 jvm.dll
stack at sp + 4 slots: 0x000000a065bff920 points into unknown readable memory: 00 00 00 00 00 00 00 00
stack at sp + 5 slots: 0x0 is NULL
stack at sp + 6 slots: 0x00007ffc444bc66a jvm.dll
stack at sp + 7 slots: 0x0000022f9e6113b8 points into unknown readable memory: 7b 26 14 7f 00 0b 00 88


---------------  P R O C E S S  ---------------

Threads class SMR info:
_java_thread_list=0x0000022fa08fe510, length=19, elements={
0x0000022fff883000, 0x0000022f9e5f3000, 0x0000022f9e5eb800, 0x0000022f9ef92800,
0x0000022f9ef93000, 0x0000022f9e606000, 0x0000022f9e60e000, 0x0000022fff940000,
0x0000022f9f09f800, 0x0000022f9f0d1000, 0x0000022f9f62b800, 0x0000022f9f60f000,
0x0000022f9f686800, 0x0000022f9f6d0000, 0x0000022f9f6d1000, 0x0000022f9f712000,
0x0000022f9f7e4800, 0x0000022f9fa96800, 0x0000022fa08dd800
}

Java Threads: ( => current thread )
  0x0000022fff883000 JavaThread "main" [_thread_blocked, id=12840, stack(0x000000a064100000,0x000000a064200000)]
  0x0000022f9e5f3000 JavaThread "Reference Handler" daemon [_thread_blocked, id=5332, stack(0x000000a064800000,0x000000a064900000)]
  0x0000022f9e5eb800 JavaThread "Finalizer" daemon [_thread_blocked, id=1832, stack(0x000000a064900000,0x000000a064a00000)]
  0x0000022f9ef92800 JavaThread "Signal Dispatcher" daemon [_thread_blocked, id=8872, stack(0x000000a064a00000,0x000000a064b00000)]
  0x0000022f9ef93000 JavaThread "Attach Listener" daemon [_thread_blocked, id=9892, stack(0x000000a064b00000,0x000000a064c00000)]
  0x0000022f9e606000 JavaThread "C1 CompilerThread0" daemon [_thread_blocked, id=6952, stack(0x000000a064c00000,0x000000a064d00000)]
  0x0000022f9e60e000 JavaThread "Sweeper thread" daemon [_thread_blocked, id=6920, stack(0x000000a064d00000,0x000000a064e00000)]
  0x0000022fff940000 JavaThread "Common-Cleaner" daemon [_thread_blocked, id=8248, stack(0x000000a064e00000,0x000000a064f00000)]
  0x0000022f9f09f800 JavaThread "C1 CompilerThread1" daemon [_thread_blocked, id=5072, stack(0x000000a064f00000,0x000000a065000000)]
  0x0000022f9f0d1000 JavaThread "Service Thread" daemon [_thread_blocked, id=1060, stack(0x000000a065000000,0x000000a065100000)]
  0x0000022f9f62b800 JavaThread "RMI TCP Accept-0" daemon [_thread_in_native, id=11304, stack(0x000000a065100000,0x000000a065200000)]
  0x0000022f9f60f000 JavaThread "RMI TCP Accept-60050" daemon [_thread_in_native, id=5308, stack(0x000000a065200000,0x000000a065300000)]
  0x0000022f9f686800 JavaThread "RMI TCP Accept-0" daemon [_thread_in_native, id=2796, stack(0x000000a065300000,0x000000a065400000)]
  0x0000022f9f6d0000 JavaThread "RMI TCP Connection(1)-127.0.0.1" daemon [_thread_in_native, id=10164, stack(0x000000a065500000,0x000000a065600000)]
  0x0000022f9f6d1000 JavaThread "RMI Scheduler(0)" daemon [_thread_blocked, id=5012, stack(0x000000a065600000,0x000000a065700000)]
  0x0000022f9f712000 JavaThread "RMI TCP Connection(2)-127.0.0.1" daemon [_thread_blocked, id=9128, stack(0x000000a065700000,0x000000a065800000)]
  0x0000022f9f7e4800 JavaThread "JMX server connection timeout 19" daemon [_thread_blocked, id=1500, stack(0x000000a065900000,0x000000a065a00000)]
  0x0000022f9fa96800 JavaThread "background-preinit" [_thread_blocked, id=10304, stack(0x000000a065a00000,0x000000a065b00000)]
  0x0000022fa08dd800 JavaThread "RMI TCP Connection(3)-127.0.0.1" daemon [_thread_blocked, id=1432, stack(0x000000a065d00000,0x000000a065e00000)]

Other Threads:
  0x0000022f9e5bc000 VMThread "VM Thread" [stack: 0x000000a064700000,0x000000a064800000] [id=12716]
  0x0000022f9f688000 WatcherThread [stack: 0x000000a065400000,0x000000a065500000] [id=11296]
  0x0000022fff89b000 GCTaskThread "GC Thread#0" [stack: 0x000000a064200000,0x000000a064300000] [id=12380]
  0x0000022f9f6df000 GCTaskThread "GC Thread#1" [stack: 0x000000a065800000,0x000000a065900000] [id=11176]
=>0x0000022fa08b1000 GCTaskThread "GC Thread#2" [stack: 0x000000a065b00000,0x000000a065c00000] [id=10500]
  0x0000022fa08b0800 GCTaskThread "GC Thread#3" [stack: 0x000000a065c00000,0x000000a065d00000] [id=7208]
  0x0000022fff8c1000 ConcurrentGCThread "G1 Main Marker" [stack: 0x000000a064300000,0x000000a064400000] [id=1896]
  0x0000022fff8c3000 ConcurrentGCThread "G1 Conc#0" [stack: 0x000000a064400000,0x000000a064500000] [id=8476]
  0x0000022fff936000 ConcurrentGCThread "G1 Refine#0" [stack: 0x000000a064500000,0x000000a064600000] [id=11356]
  0x0000022fff938800 ConcurrentGCThread "G1 Young RemSet Sampling" [stack: 0x000000a064600000,0x000000a064700000] [id=11044]

Threads with active compile tasks:

VM state:at safepoint (normal execution)

VM Mutex/Monitor currently owned by a thread:  ([mutex/lock_event])
[0x0000022fff87fc90] Threads_lock - owner thread: 0x0000022f9e5bc000
[0x0000022fff87fff0] Heap_lock - owner thread: 0x0000022fff8c1000

Heap address: 0x00000000a0c00000, size: 1524 MB, Compressed Oops mode: 32-bit
Narrow klass base: 0x0000000000000000, Narrow klass shift: 3
Compressed class space size: 1073741824 Address: 0x0000000100000000

Heap:
 garbage-first heap   total 98304K, used 10116K [0x00000000a0c00000, 0x0000000100000000)
  region size 1024K, 5 young (5120K), 3 survivors (3072K)
 Metaspace       used 20572K, capacity 21232K, committed 21504K, reserved 1069056K
  class space    used 2494K, capacity 2720K, committed 2816K, reserved 1048576K
Heap Regions: E=young(eden), S=young(survivor), O=old, HS=humongous(starts), HC=humongous(continues), CS=collection set, F=free, A=archive, TAMS=top-at-mark-start (previous, next)
|   0|0x00000000a0c00000, 0x00000000a0d00000, 0x00000000a0d00000|100%|HS|  |TAMS 0x00000000a0c00000, 0x00000000a0d00000| Complete 
|   1|0x00000000a0d00000, 0x00000000a0e00000, 0x00000000a0e00000|100%| O|  |TAMS 0x00000000a0d00000, 0x00000000a0e00000| Untracked 
|   2|0x00000000a0e00000, 0x00000000a0f00000, 0x00000000a0f00000|100%| O|  |TAMS 0x00000000a0e00000, 0x00000000a0f00000| Untracked 
|   3|0x00000000a0f00000, 0x00000000a1000000, 0x00000000a1000000|100%| O|  |TAMS 0x00000000a0f00000, 0x00000000a1000000| Untracked 
|   4|0x00000000a1000000, 0x00000000a1100000, 0x00000000a1100000|100%| O|  |TAMS 0x00000000a1000000, 0x00000000a1100000| Untracked 
|   5|0x00000000a1100000, 0x00000000a11f0e00, 0x00000000a1200000| 94%| O|  |TAMS 0x00000000a1100000, 0x00000000a11f0e00| Untracked 
|   6|0x00000000a1200000, 0x00000000a1200000, 0x00000000a1300000|  0%| F|  |TAMS 0x00000000a1200000, 0x00000000a1200000| Untracked 
|   7|0x00000000a1300000, 0x00000000a1300000, 0x00000000a1400000|  0%| F|  |TAMS 0x00000000a1300000, 0x00000000a1300000| Untracked 
|   8|0x00000000a1400000, 0x00000000a1400000, 0x00000000a1500000|  0%| F|  |TAMS 0x00000000a1400000, 0x00000000a1400000| Untracked 
|   9|0x00000000a1500000, 0x00000000a1500000, 0x00000000a1600000|  0%| F|  |TAMS 0x00000000a1500000, 0x00000000a1500000| Untracked 
|  10|0x00000000a1600000, 0x00000000a1600000, 0x00000000a1700000|  0%| F|  |TAMS 0x00000000a1600000, 0x00000000a1600000| Untracked 
|  11|0x00000000a1700000, 0x00000000a1700000, 0x00000000a1800000|  0%| F|  |TAMS 0x00000000a1700000, 0x00000000a1700000| Untracked 
|  12|0x00000000a1800000, 0x00000000a1800000, 0x00000000a1900000|  0%| F|  |TAMS 0x00000000a1800000, 0x00000000a1800000| Untracked 
|  13|0x00000000a1900000, 0x00000000a1900000, 0x00000000a1a00000|  0%| F|  |TAMS 0x00000000a1900000, 0x00000000a1900000| Untracked 
|  14|0x00000000a1a00000, 0x00000000a1a00000, 0x00000000a1b00000|  0%| F|  |TAMS 0x00000000a1a00000, 0x00000000a1a00000| Untracked 
|  15|0x00000000a1b00000, 0x00000000a1b00000, 0x00000000a1c00000|  0%| F|  |TAMS 0x00000000a1b00000, 0x00000000a1b00000| Untracked 
|  16|0x00000000a1c00000, 0x00000000a1c00000, 0x00000000a1d00000|  0%| F|  |TAMS 0x00000000a1c00000, 0x00000000a1c00000| Untracked 
|  17|0x00000000a1d00000, 0x00000000a1d00000, 0x00000000a1e00000|  0%| F|  |TAMS 0x00000000a1d00000, 0x00000000a1d00000| Untracked 
|  18|0x00000000a1e00000, 0x00000000a1e00000, 0x00000000a1f00000|  0%| F|  |TAMS 0x00000000a1e00000, 0x00000000a1e00000| Untracked 
|  19|0x00000000a1f00000, 0x00000000a1f00000, 0x00000000a2000000|  0%| F|  |TAMS 0x00000000a1f00000, 0x00000000a1f00000| Untracked 
|  20|0x00000000a2000000, 0x00000000a2000000, 0x00000000a2100000|  0%| F|  |TAMS 0x00000000a2000000, 0x00000000a2000000| Untracked 
|  21|0x00000000a2100000, 0x00000000a2100000, 0x00000000a2200000|  0%| F|  |TAMS 0x00000000a2100000, 0x00000000a2100000| Untracked 
|  22|0x00000000a2200000, 0x00000000a2200000, 0x00000000a2300000|  0%| F|  |TAMS 0x00000000a2200000, 0x00000000a2200000| Untracked 
|  23|0x00000000a2300000, 0x00000000a2300000, 0x00000000a2400000|  0%| F|  |TAMS 0x00000000a2300000, 0x00000000a2300000| Untracked 
|  24|0x00000000a2400000, 0x00000000a2400000, 0x00000000a2500000|  0%| F|  |TAMS 0x00000000a2400000, 0x00000000a2400000| Untracked 
|  25|0x00000000a2500000, 0x00000000a2500000, 0x00000000a2600000|  0%| F|  |TAMS 0x00000000a2500000, 0x00000000a2500000| Untracked 
|  26|0x00000000a2600000, 0x00000000a2600000, 0x00000000a2700000|  0%| F|  |TAMS 0x00000000a2600000, 0x00000000a2600000| Untracked 
|  27|0x00000000a2700000, 0x00000000a2700000, 0x00000000a2800000|  0%| F|  |TAMS 0x00000000a2700000, 0x00000000a2700000| Untracked 
|  28|0x00000000a2800000, 0x00000000a2800000, 0x00000000a2900000|  0%| F|  |TAMS 0x00000000a2800000, 0x00000000a2800000| Untracked 
|  29|0x00000000a2900000, 0x00000000a2900000, 0x00000000a2a00000|  0%| F|  |TAMS 0x00000000a2900000, 0x00000000a2900000| Untracked 
|  30|0x00000000a2a00000, 0x00000000a2a00000, 0x00000000a2b00000|  0%| F|  |TAMS 0x00000000a2a00000, 0x00000000a2a00000| Untracked 
|  31|0x00000000a2b00000, 0x00000000a2b00000, 0x00000000a2c00000|  0%| F|  |TAMS 0x00000000a2b00000, 0x00000000a2b00000| Untracked 
|  32|0x00000000a2c00000, 0x00000000a2c00000, 0x00000000a2d00000|  0%| F|  |TAMS 0x00000000a2c00000, 0x00000000a2c00000| Untracked 
|  33|0x00000000a2d00000, 0x00000000a2d00000, 0x00000000a2e00000|  0%| F|  |TAMS 0x00000000a2d00000, 0x00000000a2d00000| Untracked 
|  34|0x00000000a2e00000, 0x00000000a2e00000, 0x00000000a2f00000|  0%| F|  |TAMS 0x00000000a2e00000, 0x00000000a2e00000| Untracked 
|  35|0x00000000a2f00000, 0x00000000a2f00000, 0x00000000a3000000|  0%| F|  |TAMS 0x00000000a2f00000, 0x00000000a2f00000| Untracked 
|  36|0x00000000a3000000, 0x00000000a3000000, 0x00000000a3100000|  0%| F|  |TAMS 0x00000000a3000000, 0x00000000a3000000| Untracked 
|  37|0x00000000a3100000, 0x00000000a3100000, 0x00000000a3200000|  0%| F|  |TAMS 0x00000000a3100000, 0x00000000a3100000| Untracked 
|  38|0x00000000a3200000, 0x00000000a3200000, 0x00000000a3300000|  0%| F|  |TAMS 0x00000000a3200000, 0x00000000a3200000| Untracked 
|  39|0x00000000a3300000, 0x00000000a3300000, 0x00000000a3400000|  0%| F|  |TAMS 0x00000000a3300000, 0x00000000a3300000| Untracked 
|  40|0x00000000a3400000, 0x00000000a3400000, 0x00000000a3500000|  0%| F|  |TAMS 0x00000000a3400000, 0x00000000a3400000| Untracked 
|  41|0x00000000a3500000, 0x00000000a3500000, 0x00000000a3600000|  0%| F|  |TAMS 0x00000000a3500000, 0x00000000a3500000| Untracked 
|  42|0x00000000a3600000, 0x00000000a3600000, 0x00000000a3700000|  0%| F|  |TAMS 0x00000000a3600000, 0x00000000a3600000| Untracked 
|  43|0x00000000a3700000, 0x00000000a3700000, 0x00000000a3800000|  0%| F|  |TAMS 0x00000000a3700000, 0x00000000a3700000| Untracked 
|  44|0x00000000a3800000, 0x00000000a3800000, 0x00000000a3900000|  0%| F|  |TAMS 0x00000000a3800000, 0x00000000a3800000| Untracked 
|  45|0x00000000a3900000, 0x00000000a3900000, 0x00000000a3a00000|  0%| F|  |TAMS 0x00000000a3900000, 0x00000000a3900000| Untracked 
|  46|0x00000000a3a00000, 0x00000000a3a00000, 0x00000000a3b00000|  0%| F|  |TAMS 0x00000000a3a00000, 0x00000000a3a00000| Untracked 
|  47|0x00000000a3b00000, 0x00000000a3b00000, 0x00000000a3c00000|  0%| F|  |TAMS 0x00000000a3b00000, 0x00000000a3b00000| Untracked 
|  48|0x00000000a3c00000, 0x00000000a3c00000, 0x00000000a3d00000|  0%| F|  |TAMS 0x00000000a3c00000, 0x00000000a3c00000| Untracked 
|  49|0x00000000a3d00000, 0x00000000a3d00000, 0x00000000a3e00000|  0%| F|  |TAMS 0x00000000a3d00000, 0x00000000a3d00000| Untracked 
|  50|0x00000000a3e00000, 0x00000000a3e00000, 0x00000000a3f00000|  0%| F|  |TAMS 0x00000000a3e00000, 0x00000000a3e00000| Untracked 
|  51|0x00000000a3f00000, 0x00000000a3f00000, 0x00000000a4000000|  0%| F|  |TAMS 0x00000000a3f00000, 0x00000000a3f00000| Untracked 
|  52|0x00000000a4000000, 0x00000000a4000000, 0x00000000a4100000|  0%| F|  |TAMS 0x00000000a4000000, 0x00000000a4000000| Untracked 
|  53|0x00000000a4100000, 0x00000000a4100000, 0x00000000a4200000|  0%| F|  |TAMS 0x00000000a4100000, 0x00000000a4100000| Untracked 
|  54|0x00000000a4200000, 0x00000000a4200000, 0x00000000a4300000|  0%| F|  |TAMS 0x00000000a4200000, 0x00000000a4200000| Untracked 
|  55|0x00000000a4300000, 0x00000000a4300000, 0x00000000a4400000|  0%| F|  |TAMS 0x00000000a4300000, 0x00000000a4300000| Untracked 
|  56|0x00000000a4400000, 0x00000000a4400000, 0x00000000a4500000|  0%| F|  |TAMS 0x00000000a4400000, 0x00000000a4400000| Untracked 
|  57|0x00000000a4500000, 0x00000000a4500000, 0x00000000a4600000|  0%| F|  |TAMS 0x00000000a4500000, 0x00000000a4500000| Untracked 
|  58|0x00000000a4600000, 0x00000000a4600000, 0x00000000a4700000|  0%| F|  |TAMS 0x00000000a4600000, 0x00000000a4600000| Untracked 
|  59|0x00000000a4700000, 0x00000000a4700000, 0x00000000a4800000|  0%| F|  |TAMS 0x00000000a4700000, 0x00000000a4700000| Untracked 
|  60|0x00000000a4800000, 0x00000000a4800000, 0x00000000a4900000|  0%| F|  |TAMS 0x00000000a4800000, 0x00000000a4800000| Untracked 
|  61|0x00000000a4900000, 0x00000000a4900000, 0x00000000a4a00000|  0%| F|  |TAMS 0x00000000a4900000, 0x00000000a4900000| Untracked 
|  62|0x00000000a4a00000, 0x00000000a4a00000, 0x00000000a4b00000|  0%| F|  |TAMS 0x00000000a4a00000, 0x00000000a4a00000| Untracked 
|  63|0x00000000a4b00000, 0x00000000a4b00000, 0x00000000a4c00000|  0%| F|  |TAMS 0x00000000a4b00000, 0x00000000a4b00000| Untracked 
|  64|0x00000000a4c00000, 0x00000000a4c00000, 0x00000000a4d00000|  0%| F|  |TAMS 0x00000000a4c00000, 0x00000000a4c00000| Untracked 
|  65|0x00000000a4d00000, 0x00000000a4d00000, 0x00000000a4e00000|  0%| F|  |TAMS 0x00000000a4d00000, 0x00000000a4d00000| Untracked 
|  66|0x00000000a4e00000, 0x00000000a4e00000, 0x00000000a4f00000|  0%| F|  |TAMS 0x00000000a4e00000, 0x00000000a4e00000| Untracked 
|  67|0x00000000a4f00000, 0x00000000a4f00000, 0x00000000a5000000|  0%| F|  |TAMS 0x00000000a4f00000, 0x00000000a4f00000| Untracked 
|  68|0x00000000a5000000, 0x00000000a5000000, 0x00000000a5100000|  0%| F|  |TAMS 0x00000000a5000000, 0x00000000a5000000| Untracked 
|  69|0x00000000a5100000, 0x00000000a5100000, 0x00000000a5200000|  0%| F|  |TAMS 0x00000000a5100000, 0x00000000a5100000| Untracked 
|  70|0x00000000a5200000, 0x00000000a5200000, 0x00000000a5300000|  0%| F|  |TAMS 0x00000000a5200000, 0x00000000a5200000| Untracked 
|  71|0x00000000a5300000, 0x00000000a5300000, 0x00000000a5400000|  0%| F|  |TAMS 0x00000000a5300000, 0x00000000a5300000| Untracked 
|  72|0x00000000a5400000, 0x00000000a5400000, 0x00000000a5500000|  0%| F|  |TAMS 0x00000000a5400000, 0x00000000a5400000| Untracked 
|  73|0x00000000a5500000, 0x00000000a5500000, 0x00000000a5600000|  0%| F|  |TAMS 0x00000000a5500000, 0x00000000a5500000| Untracked 
|  74|0x00000000a5600000, 0x00000000a5600000, 0x00000000a5700000|  0%| F|  |TAMS 0x00000000a5600000, 0x00000000a5600000| Untracked 
|  75|0x00000000a5700000, 0x00000000a5700000, 0x00000000a5800000|  0%| F|  |TAMS 0x00000000a5700000, 0x00000000a5700000| Untracked 
|  76|0x00000000a5800000, 0x00000000a5800000, 0x00000000a5900000|  0%| F|  |TAMS 0x00000000a5800000, 0x00000000a5800000| Untracked 
|  77|0x00000000a5900000, 0x00000000a5900000, 0x00000000a5a00000|  0%| F|  |TAMS 0x00000000a5900000, 0x00000000a5900000| Untracked 
|  78|0x00000000a5a00000, 0x00000000a5a00000, 0x00000000a5b00000|  0%| F|  |TAMS 0x00000000a5a00000, 0x00000000a5a00000| Untracked 
|  79|0x00000000a5b00000, 0x00000000a5b00000, 0x00000000a5c00000|  0%| F|  |TAMS 0x00000000a5b00000, 0x00000000a5b00000| Untracked 
|  80|0x00000000a5c00000, 0x00000000a5c00000, 0x00000000a5d00000|  0%| F|  |TAMS 0x00000000a5c00000, 0x00000000a5c00000| Untracked 
|  81|0x00000000a5d00000, 0x00000000a5df05f0, 0x00000000a5e00000| 93%| S|CS|TAMS 0x00000000a5d00000, 0x00000000a5d00000| Complete 
|  82|0x00000000a5e00000, 0x00000000a5f00000, 0x00000000a5f00000|100%| S|CS|TAMS 0x00000000a5e00000, 0x00000000a5e00000| Complete 
|  83|0x00000000a5f00000, 0x00000000a6000000, 0x00000000a6000000|100%| S|CS|TAMS 0x00000000a5f00000, 0x00000000a5f00000| Complete 
|  84|0x00000000a6000000, 0x00000000a6000000, 0x00000000a6100000|  0%| F|  |TAMS 0x00000000a6000000, 0x00000000a6000000| Untracked 
|  85|0x00000000a6100000, 0x00000000a6100000, 0x00000000a6200000|  0%| F|  |TAMS 0x00000000a6100000, 0x00000000a6100000| Untracked 
|  86|0x00000000a6200000, 0x00000000a6200000, 0x00000000a6300000|  0%| F|  |TAMS 0x00000000a6200000, 0x00000000a6200000| Untracked 
|  87|0x00000000a6300000, 0x00000000a6300000, 0x00000000a6400000|  0%| F|  |TAMS 0x00000000a6300000, 0x00000000a6300000| Untracked 
|  88|0x00000000a6400000, 0x00000000a6400000, 0x00000000a6500000|  0%| F|  |TAMS 0x00000000a6400000, 0x00000000a6400000| Untracked 
|  89|0x00000000a6500000, 0x00000000a6500000, 0x00000000a6600000|  0%| F|  |TAMS 0x00000000a6500000, 0x00000000a6500000| Untracked 
|  90|0x00000000a6600000, 0x00000000a6600000, 0x00000000a6700000|  0%| F|  |TAMS 0x00000000a6600000, 0x00000000a6600000| Untracked 
|  91|0x00000000a6700000, 0x00000000a6700000, 0x00000000a6800000|  0%| F|  |TAMS 0x00000000a6700000, 0x00000000a6700000| Untracked 
|  92|0x00000000a6800000, 0x00000000a6800000, 0x00000000a6900000|  0%| F|  |TAMS 0x00000000a6800000, 0x00000000a6800000| Untracked 
|  93|0x00000000a6900000, 0x00000000a6900000, 0x00000000a6a00000|  0%| F|  |TAMS 0x00000000a6900000, 0x00000000a6900000| Untracked 
|  94|0x00000000a6a00000, 0x00000000a6a32648, 0x00000000a6b00000| 19%| E|  |TAMS 0x00000000a6a00000, 0x00000000a6a00000| Complete 
|  95|0x00000000a6b00000, 0x00000000a6c00000, 0x00000000a6c00000|100%| E|CS|TAMS 0x00000000a6b00000, 0x00000000a6b00000| Complete 

Card table byte_map: [0x0000022f98a60000,0x0000022f98d60000] _byte_map_base: 0x0000022f9855a000

Marking Bits (Prev, Next): (CMBitMap*) 0x0000022fff8ba3f8, (CMBitMap*) 0x0000022fff8ba430
 Prev Bits: [0x0000022f99060000, 0x0000022f9a830000)
 Next Bits: [0x0000022f9a830000, 0x0000022f9c000000)

Polling page: 0x0000022fff950000

Metaspace:

Usage:
  Non-class:     18.08 MB capacity,    17.65 MB ( 98%) used,   369.34 KB (  2%) free+waste,    64.63 KB ( <1%) overhead. 
      Class:      2.66 MB capacity,     2.44 MB ( 92%) used,   192.32 KB (  7%) free+waste,    33.06 KB (  1%) overhead. 
       Both:     20.73 MB capacity,    20.09 MB ( 97%) used,   561.66 KB (  3%) free+waste,    97.69 KB ( <1%) overhead. 

Virtual space:
  Non-class space:       20.00 MB reserved,      18.25 MB ( 91%) committed 
      Class space:        1.00 GB reserved,       2.75 MB ( <1%) committed 
             Both:        1.02 GB reserved,      21.00 MB (  2%) committed 

Chunk freelists:
   Non-Class:  6.00 KB
       Class:  0 bytes
        Both:  6.00 KB

CodeHeap 'non-profiled nmethods': size=238912Kb used=2937Kb max_used=2937Kb free=235974Kb
 bounds [0x0000022f89d00000, 0x0000022f89fe0000, 0x0000022f98650000]
CodeHeap 'non-nmethods': size=6848Kb used=1700Kb max_used=1700Kb free=5148Kb
 bounds [0x0000022f89650000, 0x0000022f898c0000, 0x0000022f89d00000]
 total_blobs=2468 nmethods=1990 adapters=387
 compilation: enabled
              stopped_count=0, restarted_count=0
 full_count=0

Compilation events (10 events):
Event: 3.911 Thread 0x0000022f9f09f800 1986       1       java.lang.Class::arrayContentsEq (70 bytes)
Event: 3.912 Thread 0x0000022f9f09f800 nmethod 1986 0x0000022f89fdca10 code [0x0000022f89fdcbc0, 0x0000022f89fdcdd8]
Event: 3.931 Thread 0x0000022f9e606000 1987   !   1       java.lang.ref.ReferenceQueue::remove (125 bytes)
Event: 3.931 Thread 0x0000022f9f09f800 1988   !   1       jdk.internal.ref.PhantomCleanable::isListEmpty (34 bytes)
Event: 3.932 Thread 0x0000022f9f09f800 nmethod 1988 0x0000022f89fdcf10 code [0x0000022f89fdd0c0, 0x0000022f89fdd378]
Event: 3.932 Thread 0x0000022f9e606000 nmethod 1987 0x0000022f89fdd490 code [0x0000022f89fdd6a0, 0x0000022f89fddc80]
Event: 3.932 Thread 0x0000022f9f09f800 1989       1       jdk.internal.misc.InnocuousThread::eraseThreadLocals (23 bytes)
Event: 3.933 Thread 0x0000022f9f09f800 nmethod 1989 0x0000022f89fddf90 code [0x0000022f89fde140, 0x0000022f89fde318]
Event: 3.945 Thread 0x0000022f9e606000 1990       1       java.util.logging.Logger::isLoggable (27 bytes)
Event: 3.946 Thread 0x0000022f9e606000 nmethod 1990 0x0000022f89fde390 code [0x0000022f89fde540, 0x0000022f89fde698]

GC Heap History (8 events):
Event: 2.329 GC heap before
{Heap before GC invocations=0 (full 0):
 garbage-first heap   total 98304K, used 15360K [0x00000000a0c00000, 0x0000000100000000)
  region size 1024K, 14 young (14336K), 0 survivors (0K)
 Metaspace       used 12663K, capacity 13063K, committed 13312K, reserved 1060864K
  class space    used 1340K, capacity 1487K, committed 1536K, reserved 1048576K
}
Event: 2.349 GC heap after
{Heap after GC invocations=1 (full 0):
 garbage-first heap   total 98304K, used 6205K [0x00000000a0c00000, 0x0000000100000000)
  region size 1024K, 2 young (2048K), 2 survivors (2048K)
 Metaspace       used 12663K, capacity 13063K, committed 13312K, reserved 1060864K
  class space    used 1340K, capacity 1487K, committed 1536K, reserved 1048576K
}
Event: 2.714 GC heap before
{Heap before GC invocations=1 (full 0):
 garbage-first heap   total 98304K, used 12349K [0x00000000a0c00000, 0x0000000100000000)
  region size 1024K, 9 young (9216K), 2 survivors (2048K)
 Metaspace       used 14378K, capacity 14876K, committed 15104K, reserved 1062912K
  class space    used 1557K, capacity 1742K, committed 1792K, reserved 1048576K
}
Event: 2.727 GC heap after
{Heap after GC invocations=2 (full 0):
 garbage-first heap   total 98304K, used 7107K [0x00000000a0c00000, 0x0000000100000000)
  region size 1024K, 1 young (1024K), 1 survivors (1024K)
 Metaspace       used 14378K, capacity 14876K, committed 15104K, reserved 1062912K
  class space    used 1557K, capacity 1742K, committed 1792K, reserved 1048576K
}
Event: 3.570 GC heap before
{Heap before GC invocations=2 (full 0):
 garbage-first heap   total 98304K, used 27587K [0x00000000a0c00000, 0x0000000100000000)
  region size 1024K, 22 young (22528K), 1 survivors (1024K)
 Metaspace       used 18784K, capacity 19409K, committed 19584K, reserved 1067008K
  class space    used 2143K, capacity 2389K, committed 2432K, reserved 1048576K
}
Event: 3.583 GC heap after
{Heap after GC invocations=3 (full 0):
 garbage-first heap   total 98304K, used 8447K [0x00000000a0c00000, 0x0000000100000000)
  region size 1024K, 3 young (3072K), 3 survivors (3072K)
 Metaspace       used 18784K, capacity 19409K, committed 19584K, reserved 1067008K
  class space    used 2143K, capacity 2389K, committed 2432K, reserved 1048576K
}
Event: 3.915 GC heap before
{Heap before GC invocations=3 (full 0):
 garbage-first heap   total 98304K, used 19711K [0x00000000a0c00000, 0x0000000100000000)
  region size 1024K, 15 young (15360K), 3 survivors (3072K)
 Metaspace       used 20466K, capacity 21104K, committed 21248K, reserved 1067008K
  class space    used 2480K, capacity 2720K, committed 2816K, reserved 1048576K
}
Event: 3.930 GC heap after
{Heap after GC invocations=4 (full 0):
 garbage-first heap   total 98304K, used 9092K [0x00000000a0c00000, 0x0000000100000000)
  region size 1024K, 3 young (3072K), 3 survivors (3072K)
 Metaspace       used 20466K, capacity 21104K, committed 21248K, reserved 1067008K
  class space    used 2480K, capacity 2720K, committed 2816K, reserved 1048576K
}

Deoptimization events (0 events):
No events

Classes redefined (0 events):
No events

Internal exceptions (10 events):
Event: 3.341 Thread 0x0000022fff883000 Exception <a 'java/lang/NoSuchMethodError'{0x00000000a5d638d8}: java.lang.invoke.DirectMethodHandle$Holder.invokeSpecial(Ljava/lang/Object;Ljava/lang/Object;Ljava/lang/Object;Ljava/lang/Object;)I> (0x00000000a5d638d8) thrown at [t:/workspace/open/src/hots
Event: 3.439 Thread 0x0000022fff883000 Exception <a 'java/lang/NoSuchMethodError'{0x00000000a5a253b8}: java.lang.invoke.DirectMethodHandle$Holder.invokeSpecial(Ljava/lang/Object;Ljava/lang/Object;Ljava/lang/Object;Ljava/lang/Object;Ljava/lang/Object;Ljava/lang/Object;I)Ljava/lang/Object;> (0x0
Event: 3.440 Thread 0x0000022fff883000 Exception <a 'java/lang/NoSuchMethodError'{0x00000000a5a2ee18}: java.lang.invoke.DirectMethodHandle$Holder.invokeSpecial(Ljava/lang/Object;Ljava/lang/Object;Ljava/lang/Object;Ljava/lang/Object;Ljava/lang/Object;Ljava/lang/Object;Ljava/lang/Object;I)Ljava/
Event: 3.441 Thread 0x0000022fff883000 Exception <a 'java/lang/NoSuchMethodError'{0x00000000a5a32cc0}: java.lang.invoke.Invokers$Holder.linkToTargetMethod(Ljava/lang/Object;Ljava/lang/Object;Ljava/lang/Object;Ljava/lang/Object;Ljava/lang/Object;ILjava/lang/Object;)Ljava/lang/Object;> (0x000000
Event: 3.466 Thread 0x0000022fff883000 Exception <a 'java/lang/NoSuchMethodError'{0x00000000a59690e8}: java.lang.invoke.DirectMethodHandle$Holder.invokeSpecialIFC(Ljava/lang/Object;Ljava/lang/Object;I)I> (0x00000000a59690e8) thrown at [t:/workspace/open/src/hotspot/share/interpreter/linkResolv
Event: 3.486 Thread 0x0000022fff883000 Exception <a 'java/lang/NoSuchMethodError'{0x00000000a5843f88}: java.lang.invoke.DirectMethodHandle$Holder.invokeStatic(Ljava/lang/Object;Ljava/lang/Object;Ljava/lang/Object;Ljava/lang/Object;)V> (0x00000000a5843f88) thrown at [t:/workspace/open/src/hotsp
Event: 3.516 Thread 0x0000022f9f712000 Exception <a 'java/lang/reflect/InvocationTargetException'{0x00000000a65d53b8}> (0x00000000a65d53b8) thrown at [t:/workspace/open/src/hotspot/share/runtime/reflection.cpp, line 1242]
Event: 3.611 Thread 0x0000022fff883000 Exception <a 'java/lang/NoSuchMethodError'{0x00000000a6b35318}: java.lang.invoke.DirectMethodHandle$Holder.invokeStatic(Ljava/lang/Object;Ljava/lang/Object;I)V> (0x00000000a6b35318) thrown at [t:/workspace/open/src/hotspot/share/interpreter/linkResolver.c
Event: 3.616 Thread 0x0000022fff883000 Exception <a 'java/lang/NoSuchMethodError'{0x00000000a6b3c8b0}: java.lang.invoke.DirectMethodHandle$Holder.invokeStaticInit(Ljava/lang/Object;Ljava/lang/Object;)V> (0x00000000a6b3c8b0) thrown at [t:/workspace/open/src/hotspot/share/interpreter/linkResolve
Event: 3.805 Thread 0x0000022fff883000 Exception <a 'java/lang/NoSuchMethodError'{0x00000000a66d93e0}: java.lang.invoke.DirectMethodHandle$Holder.invokeSpecial(Ljava/lang/Object;Ljava/lang/Object;Ljava/lang/Object;Ljava/lang/Object;Ljava/lang/Object;)V> (0x00000000a66d93e0) thrown at [t:/works

Events (10 events):
Event: 3.966 loading class org/springframework/beans/factory/annotation/Value done
Event: 3.966 loading class org/hibernate/validator/internal/util/ConcurrentReferenceHashMap
Event: 3.966 loading class org/hibernate/validator/internal/util/ConcurrentReferenceHashMap done
Event: 3.967 loading class org/springframework/beans/factory/annotation/Qualifier
Event: 3.967 loading class org/springframework/beans/factory/annotation/Qualifier done
Event: 3.968 loading class javax/inject/Qualifier
Event: 3.968 loading class javax/inject/Qualifier done
Event: 3.968 loading class javax/inject$Qualifier
Event: 3.968 loading class javax/inject$Qualifier done
Event: 3.968 Executing VM operation: CGC_Operation


Dynamic libraries:
0x00007ff6b4d30000 - 0x00007ff6b4d75000 	C:\Program Files\Java\jdk-11.0.2\bin\javaw.exe
0x00007ffc8f160000 - 0x00007ffc8f350000 	C:\Windows\SYSTEM32\ntdll.dll
0x00007ffc8efd0000 - 0x00007ffc8f082000 	C:\Windows\System32\KERNEL32.DLL
0x00007ffc8c270000 - 0x00007ffc8c513000 	C:\Windows\System32\KERNELBASE.dll
0x00007ffc8e790000 - 0x00007ffc8e924000 	C:\Windows\System32\USER32.dll
0x00007ffc8c190000 - 0x00007ffc8c1b1000 	C:\Windows\System32\win32u.dll
0x00007ffc8f0f0000 - 0x00007ffc8f116000 	C:\Windows\System32\GDI32.dll
0x00007ffc8c770000 - 0x00007ffc8c904000 	C:\Windows\System32\gdi32full.dll
0x00007ffc8c910000 - 0x00007ffc8c9ae000 	C:\Windows\System32\msvcp_win.dll
0x00007ffc8c670000 - 0x00007ffc8c76a000 	C:\Windows\System32\ucrtbase.dll
0x00007ffc78e90000 - 0x00007ffc79115000 	C:\Windows\WinSxS\amd64_microsoft.windows.common-controls_6595b64144ccf1df_6.0.18362.720_none_e6beb5c51314836b\COMCTL32.dll
0x00007ffc8ec90000 - 0x00007ffc8ed2e000 	C:\Windows\System32\msvcrt.dll
0x00007ffc8e1d0000 - 0x00007ffc8e506000 	C:\Windows\System32\combase.dll
0x00007ffc8eea0000 - 0x00007ffc8efc0000 	C:\Windows\System32\RPCRT4.dll
0x00007ffc8d130000 - 0x00007ffc8d1b0000 	C:\Windows\System32\bcryptPrimitives.dll
0x00007ffc8ec60000 - 0x00007ffc8ec8e000 	C:\Windows\System32\IMM32.DLL
0x00007ffc76040000 - 0x00007ffc76056000 	C:\Program Files\Java\jdk-11.0.2\bin\vcruntime140.dll
0x00007ffc69b20000 - 0x00007ffc69bca000 	C:\Program Files\Java\jdk-11.0.2\bin\msvcp140.dll
0x00007ffc43eb0000 - 0x00007ffc449d3000 	C:\Program Files\Java\jdk-11.0.2\bin\server\jvm.dll
0x00007ffc8ebb0000 - 0x00007ffc8ec53000 	C:\Windows\System32\ADVAPI32.dll
0x00007ffc8ee00000 - 0x00007ffc8ee97000 	C:\Windows\System32\sechost.dll
0x00007ffc8efc0000 - 0x00007ffc8efc8000 	C:\Windows\System32\PSAPI.DLL
0x00007ffc80110000 - 0x00007ffc8011a000 	C:\Windows\SYSTEM32\VERSION.dll
0x00007ffc8a150000 - 0x00007ffc8a174000 	C:\Windows\SYSTEM32\WINMM.dll
0x00007ffc87320000 - 0x00007ffc87329000 	C:\Windows\SYSTEM32\WSOCK32.dll
0x00007ffc8df10000 - 0x00007ffc8df7f000 	C:\Windows\System32\WS2_32.dll
0x00007ffc8a120000 - 0x00007ffc8a14d000 	C:\Windows\SYSTEM32\winmmbase.dll
0x00007ffc8c110000 - 0x00007ffc8c15a000 	C:\Windows\System32\cfgmgr32.dll
0x00007ffc8c050000 - 0x00007ffc8c061000 	C:\Windows\System32\kernel.appcore.dll
0x00007ffc75230000 - 0x00007ffc75241000 	C:\Program Files\Java\jdk-11.0.2\bin\verify.dll
0x00007ffc78730000 - 0x00007ffc78924000 	C:\Windows\SYSTEM32\DBGHELP.DLL
0x00007ffc78700000 - 0x00007ffc7872a000 	C:\Windows\SYSTEM32\dbgcore.DLL
0x00007ffc75200000 - 0x00007ffc75228000 	C:\Program Files\Java\jdk-11.0.2\bin\java.dll
0x00007ffc714d0000 - 0x00007ffc714e6000 	C:\Program Files\Java\jdk-11.0.2\bin\zip.dll
0x00007ffc854b0000 - 0x00007ffc854ba000 	C:\Program Files\Java\jdk-11.0.2\bin\jimage.dll
0x00007ffc8d210000 - 0x00007ffc8d8f5000 	C:\Windows\System32\SHELL32.dll
0x00007ffc8eb00000 - 0x00007ffc8eba9000 	C:\Windows\System32\shcore.dll
0x00007ffc8c9b0000 - 0x00007ffc8d130000 	C:\Windows\System32\windows.storage.dll
0x00007ffc8c070000 - 0x00007ffc8c093000 	C:\Windows\System32\profapi.dll
0x00007ffc8c0a0000 - 0x00007ffc8c0ea000 	C:\Windows\System32\powrprof.dll
0x00007ffc8c020000 - 0x00007ffc8c030000 	C:\Windows\System32\UMPDC.dll
0x00007ffc8d900000 - 0x00007ffc8d952000 	C:\Windows\System32\shlwapi.dll
0x00007ffc8c0f0000 - 0x00007ffc8c107000 	C:\Windows\System32\cryptsp.dll
0x00007ffc6f0f0000 - 0x00007ffc6f109000 	C:\Program Files\Java\jdk-11.0.2\bin\net.dll
0x00007ffc86490000 - 0x00007ffc86665000 	C:\Windows\SYSTEM32\urlmon.dll
0x00007ffc83970000 - 0x00007ffc83a61000 	C:\Windows\SYSTEM32\WINHTTP.dll
0x00007ffc861e0000 - 0x00007ffc86486000 	C:\Windows\SYSTEM32\iertutil.dll
0x00007ffc8ba00000 - 0x00007ffc8ba0c000 	C:\Windows\SYSTEM32\CRYPTBASE.DLL
0x00007ffc8b830000 - 0x00007ffc8b897000 	C:\Windows\system32\mswsock.dll
0x00007ffc6d160000 - 0x00007ffc6d173000 	C:\Program Files\Java\jdk-11.0.2\bin\nio.dll
0x00007ffc85560000 - 0x00007ffc85569000 	C:\Program Files\Java\jdk-11.0.2\bin\management.dll
0x00007ffc85550000 - 0x00007ffc8555c000 	C:\Program Files\Java\jdk-11.0.2\bin\management_ext.dll
0x00007ffc76020000 - 0x00007ffc76036000 	C:\Windows\system32\napinsp.dll
0x00007ffc6fe70000 - 0x00007ffc6fe8a000 	C:\Windows\system32\pnrpnsp.dll
0x00007ffc8b580000 - 0x00007ffc8b64a000 	C:\Windows\SYSTEM32\DNSAPI.dll
0x00007ffc8e780000 - 0x00007ffc8e788000 	C:\Windows\System32\NSI.dll
0x00007ffc8b540000 - 0x00007ffc8b57a000 	C:\Windows\SYSTEM32\IPHLPAPI.DLL
0x00007ffc872f0000 - 0x00007ffc872fe000 	C:\Windows\System32\winrnr.dll
0x00007ffc88880000 - 0x00007ffc8889c000 	C:\Windows\system32\NLAapi.dll
0x00007ffc87b10000 - 0x00007ffc87b25000 	C:\Windows\system32\wshbth.dll
0x00007ffc85220000 - 0x00007ffc8522a000 	C:\Windows\System32\rasadhlp.dll
0x00007ffc86900000 - 0x00007ffc86977000 	C:\Windows\System32\fwpuclnt.dll
0x00007ffc8c160000 - 0x00007ffc8c186000 	C:\Windows\System32\bcrypt.dll
0x00007ffc8b3a0000 - 0x00007ffc8b3d3000 	C:\Windows\system32\rsaenh.dll
0x00007ffc8bf40000 - 0x00007ffc8bf65000 	C:\Windows\SYSTEM32\USERENV.dll
0x00007ffc86da0000 - 0x00007ffc86db6000 	C:\Windows\SYSTEM32\dhcpcsvc6.DLL
0x00007ffc86d80000 - 0x00007ffc86d9c000 	C:\Windows\SYSTEM32\dhcpcsvc.DLL

dbghelp: loaded successfully - version: 4.0.5 - missing functions: none
symbol engine: initialized successfully - sym options: 0x614 - pdb path: .;C:\Program Files\Java\jdk-11.0.2\bin;C:\Windows\SYSTEM32;C:\Windows\WinSxS\amd64_microsoft.windows.common-controls_6595b64144ccf1df_6.0.18362.720_none_e6beb5c51314836b;C:\Program Files\Java\jdk-11.0.2\bin\server

VM Arguments:
jvm_args: -Dcom.sun.management.jmxremote -Dcom.sun.management.jmxremote.port=60050 -Dcom.sun.management.jmxremote.authenticate=false -Dcom.sun.management.jmxremote.ssl=false -Djava.rmi.server.hostname=localhost -Dspring.jmx.enabled=true -Dspring.application.admin.enabled=true -Xverify:none -XX:TieredStopAtLevel=1 -Dspring.boot.project.name=course -Dfile.encoding=UTF-8 
java_command: com.heitor.course.CourseApplication --spring.output.ansi.enabled=always
java_class_path (initial): C:\projetos\sts\course\target\classes;C:\Users\Heitor Ramos\.m2\repository\org\springframework\boot\spring-boot-starter-web\2.2.6.RELEASE\spring-boot-starter-web-2.2.6.RELEASE.jar;C:\Users\Heitor Ramos\.m2\repository\org\springframework\boot\spring-boot-starter\2.2.6.RELEASE\spring-boot-starter-2.2.6.RELEASE.jar;C:\Users\Heitor Ramos\.m2\repository\org\springframework\boot\spring-boot\2.2.6.RELEASE\spring-boot-2.2.6.RELEASE.jar;C:\Users\Heitor Ramos\.m2\repository\org\springframework\boot\spring-boot-autoconfigure\2.2.6.RELEASE\spring-boot-autoconfigure-2.2.6.RELEASE.jar;C:\Users\Heitor Ramos\.m2\repository\org\springframework\boot\spring-boot-starter-logging\2.2.6.RELEASE\spring-boot-starter-logging-2.2.6.RELEASE.jar;C:\Users\Heitor Ramos\.m2\repository\ch\qos\logback\logback-classic\1.2.3\logback-classic-1.2.3.jar;C:\Users\Heitor Ramos\.m2\repository\ch\qos\logback\logback-core\1.2.3\logback-core-1.2.3.jar;C:\Users\Heitor Ramos\.m2\repository\org\apache\logging\log4j\log4j-to-slf4j\2.12.1\log4j-to-slf4j-2.12.1.jar;C:\Users\Heitor Ramos\.m2\repository\org\apache\logging\log4j\log4j-api\2.12.1\log4j-api-2.12.1.jar;C:\Users\Heitor Ramos\.m2\repository\org\slf4j\jul-to-slf4j\1.7.30\jul-to-slf4j-1.7.30.jar;C:\Users\Heitor Ramos\.m2\repository\jakarta\annotation\jakarta.annotation-api\1.3.5\jakarta.annotation-api-1.3.5.jar;C:\Users\Heitor Ramos\.m2\repository\org\yaml\snakeyaml\1.25\snakeyaml-1.25.jar;C:\Users\Heitor Ramos\.m2\repository\org\springframework\boot\spring-boot-starter-json\2.2.6.RELEASE\spring-boot-starter-json-2.2.6.RELEASE.jar;C:\Users\Heitor Ramos\.m2\repository\com\fasterxml\jackson\core\jackson-databind\2.10.3\jackson-databind-2.10.3.jar;C:\Users\Heitor Ramos\.m2\repository\com\fasterxml\jackson\core\jackson-annotations\2.10.3\jackson-annotations-2.10.3.jar;C:\Users\Heitor Ramos\.m2\repository\com\fasterxml\jackson\core\jackson-core\2.10.3\jackson-core-2.10.3.jar;C:\Users\Heitor Ramos\.m2\repository\com\fasterxml\jackson\d
Launcher Type: SUN_STANDARD

[Global flags]
     bool BytecodeVerificationLocal                = false                                     {product} {command line}
     bool BytecodeVerificationRemote               = false                                     {product} {command line}
     intx CICompilerCount                          = 3                                         {product} {ergonomic}
     uint ConcGCThreads                            = 1                                         {product} {ergonomic}
     uint G1ConcRefinementThreads                  = 4                                         {product} {ergonomic}
   size_t G1HeapRegionSize                         = 1048576                                   {product} {ergonomic}
    uintx GCDrainStackTargetSize                   = 64                                        {product} {ergonomic}
   size_t InitialHeapSize                          = 100663296                                 {product} {ergonomic}
     bool ManagementServer                         = true                                      {product} {command line}
   size_t MarkStackSize                            = 4194304                                   {product} {ergonomic}
   size_t MaxHeapSize                              = 1598029824                                {product} {ergonomic}
   size_t MaxNewSize                               = 958398464                                 {product} {ergonomic}
   size_t MinHeapDeltaBytes                        = 1048576                                   {product} {ergonomic}
    uintx NonNMethodCodeHeapSize                   = 6973028                                {pd product} {ergonomic}
    uintx NonProfiledCodeHeapSize                  = 244685212                              {pd product} {ergonomic}
    uintx ProfiledCodeHeapSize                     = 0                                      {pd product} {ergonomic}
    uintx ReservedCodeCacheSize                    = 251658240                              {pd product} {ergonomic}
     bool SegmentedCodeCache                       = true                                      {product} {ergonomic}
     intx TieredStopAtLevel                        = 1                                         {product} {command line}
     bool UseCompressedClassPointers               = true                                 {lp64_product} {ergonomic}
     bool UseCompressedOops                        = true                                 {lp64_product} {ergonomic}
     bool UseG1GC                                  = true                                      {product} {ergonomic}
     bool UseLargePagesIndividualAllocation        = false                                  {pd product} {ergonomic}

Logging:
Log output configuration:
 #0: stdout all=warning uptime,level,tags
 #1: stderr all=off uptime,level,tags

Environment Variables:
JAVA_HOME=C:\Program Files\Java\jdk-11.0.2
PATH=C:/Program Files/Java/jdk-11.0.2/bin/server;C:/Program Files/Java/jdk-11.0.2/bin;C:\Program Files (x86)\Common Files\Oracle\Java\javapath;C:\Windows\system32;C:\Windows;C:\Windows\System32\Wbem;C:\Windows\System32\WindowsPowerShell\v1.0\;C:\Windows\System32\OpenSSH\;C:\Program Files\Git\cmd;C:\Program Files\PuTTY\;C:\Program Files\Java\jdk-11.0.2\bin;C:\Users\Heitor Ramos\AppData\Local\Microsoft\WindowsApps;;C:\STS\sts-4.6.0.RELEASE;
USERNAME=Heitor Ramos
OS=Windows_NT
PROCESSOR_IDENTIFIER=Intel64 Family 6 Model 42 Stepping 7, GenuineIntel



---------------  S Y S T E M  ---------------

OS: Windows 10 , 64 bit Build 18362 (10.0.18362.329)

CPU:total 4 (initial active 4) (2 cores per cpu, 2 threads per core) family 6 model 42 stepping 7, cmov, cx8, fxsr, mmx, sse, sse2, sse3, ssse3, sse4.1, sse4.2, popcnt, avx, clmul, ht, tsc, tscinvbit

Memory: 4k page, system-wide physical 6091M (1706M free)
TotalPageFile size 8943M (AvailPageFile size 2913M)
current process WorkingSet (physical memory assigned to process): 89M, peak: 89M
current process commit charge ("private bytes"): 189M, peak: 189M

vm_info: OpenJDK 64-Bit Server VM (11.0.2+9) for windows-amd64 JRE (11.0.2+9), built on Jan 18 2019 05:23:22 by "mach5one" with MS VC++ 15.5 (VS2017)

END.
